[debug] [2026-03-09T15:22:24.258Z] [Firebase Plugin] Activating Firebase extension.
[debug] [2026-03-09T15:22:30.170Z] [Firebase Plugin] requireAuthWrapper
[debug] [2026-03-09T15:22:30.170Z] > command requires scopes: ["email","openid","https://www.googleapis.com/auth/cloudplatformprojects.readonly","https://www.googleapis.com/auth/firebase","https://www.googleapis.com/auth/cloud-platform"]
[debug] [2026-03-09T15:22:30.171Z] > authorizing via signed-in user (curetail144@gmail.com)
[debug] [2026-03-09T15:22:30.172Z] Checked if tokens are valid: false, expires at: 1773048555690
[debug] [2026-03-09T15:22:30.172Z] Checked if tokens are valid: false, expires at: 1773048555690
[debug] [2026-03-09T15:22:30.172Z] > refreshing access token with scopes: []
[debug] [2026-03-09T15:22:30.173Z] >>> [apiv2][query] POST https://www.googleapis.com/oauth2/v3/token [none]
[debug] [2026-03-09T15:22:30.174Z] >>> [apiv2][body] POST https://www.googleapis.com/oauth2/v3/token [omitted]
[debug] [2026-03-09T15:22:30.707Z] [Firebase Plugin] VSCode notification server listening on port 40001
[info] [Firebase Plugin] Starting Data Connect toolkit (version 3.2.1) on port 50001
[debug] [2026-03-09T15:22:32.232Z] 'fdc build' failed with error: Unable to build your Data Connect schema and connectors (exit code 1): E0310 00:22:32.228796    3670 cmd.go:43] Error loading data connect config: could not find dataconnect.yaml in `/Users/gimseoncheol/Desktop/image-voca-app/dataconnect`
 {"metadata":{"emulator":{"name":"dataconnect"},"message":"'fdc build' failed with error: Unable to build your Data Connect schema and connectors (exit code 1): E0310 00:22:32.228796    3670 cmd.go:43] Error loading data connect config: could not find dataconnect.yaml in `/Users/gimseoncheol/Desktop/image-voca-app/dataconnect`\n"}}
[debug] [2026-03-09T15:22:32.233Z] Ignoring unsupported arg: auto_download {"metadata":{"emulator":{"name":"dataconnect"},"message":"Ignoring unsupported arg: auto_download"}}
[debug] [2026-03-09T15:22:32.233Z] Ignoring unsupported arg: port {"metadata":{"emulator":{"name":"dataconnect"},"message":"Ignoring unsupported arg: port"}}
[debug] [2026-03-09T15:22:32.233Z] Starting Data Connect Emulator with command {"binary":"/Users/gimseoncheol/.cache/firebase/emulators/dataconnect-emulator-3.2.1","args":["--logtostderr","-v=2","dev","--listen=localhost:50001","--config_dir=/Users/gimseoncheol/Desktop/image-voca-app/dataconnect","--enable_output_schema_extensions=true","--enable_output_generated_sdk=true"],"optionalArgs":["listen","config_dir","enable_output_schema_extensions","enable_output_generated_sdk"],"joinArgs":true,"shell":false,"port":9399} {"metadata":{"emulator":{"name":"dataconnect"},"message":"Starting Data Connect Emulator with command {\"binary\":\"/Users/gimseoncheol/.cache/firebase/emulators/dataconnect-emulator-3.2.1\",\"args\":[\"--logtostderr\",\"-v=2\",\"dev\",\"--listen=localhost:50001\",\"--config_dir=/Users/gimseoncheol/Desktop/image-voca-app/dataconnect\",\"--enable_output_schema_extensions=true\",\"--enable_output_generated_sdk=true\"],\"optionalArgs\":[\"listen\",\"config_dir\",\"enable_output_schema_extensions\",\"enable_output_generated_sdk\"],\"joinArgs\":true,\"shell\":false,\"port\":9399}"}}
[info] i  dataconnect: Data Connect Emulator logging to dataconnect-debug.log {"metadata":{"emulator":{"name":"dataconnect"},"message":"Data Connect Emulator logging to dataconnect-debug.log"}}
[debug] [2026-03-09T15:22:32.338Z] <<< [apiv2][status] POST https://www.googleapis.com/oauth2/v3/token 200
[debug] [2026-03-09T15:22:32.338Z] <<< [apiv2][body] POST https://www.googleapis.com/oauth2/v3/token [omitted]
[debug] [2026-03-09T15:22:32.359Z] [Firebase Plugin] User found:  curetail144@gmail.com
[info] [Firebase Plugin] (Core:Project) New user detected, fetching projects
[debug] [2026-03-09T15:22:32.359Z] Checked if tokens are valid: true, expires at: 1773073351339
[debug] [2026-03-09T15:22:32.360Z] >>> [apiv2][query] GET https://firebase.googleapis.com/v1beta1/projects pageSize=1000
[debug] [2026-03-09T15:22:32.393Z] E0310 00:22:32.388275    3724 dev.go:83] Failed to load initial config from "/Users/gimseoncheol/Desktop/image-voca-app/dataconnect": could not find dataconnect.yaml in `/Users/gimseoncheol/Desktop/image-voca-app/dataconnect`
 {"metadata":{"emulator":{"name":"dataconnect"},"message":"E0310 00:22:32.388275    3724 dev.go:83] Failed to load initial config from \"/Users/gimseoncheol/Desktop/image-voca-app/dataconnect\": could not find dataconnect.yaml in `/Users/gimseoncheol/Desktop/image-voca-app/dataconnect`\n"}}
[debug] [2026-03-09T15:22:32.396Z] E0310 00:22:32.393877    3724 watch.go:116] watchAllDir unable to walk dir `/Users/gimseoncheol/Desktop/image-voca-app/dataconnect`: lstat /Users/gimseoncheol/Desktop/image-voca-app/dataconnect: no such file or directory
 {"metadata":{"emulator":{"name":"dataconnect"},"message":"E0310 00:22:32.393877    3724 watch.go:116] watchAllDir unable to walk dir `/Users/gimseoncheol/Desktop/image-voca-app/dataconnect`: lstat /Users/gimseoncheol/Desktop/image-voca-app/dataconnect: no such file or directory\n"}}
[debug] [2026-03-09T15:22:32.402Z] I0310 00:22:32.401117    3724 dev.go:104] Listening on address (HTTP + gRPC): 127.0.0.1:50001
 {"metadata":{"emulator":{"name":"dataconnect"},"message":"I0310 00:22:32.401117    3724 dev.go:104] Listening on address (HTTP + gRPC): 127.0.0.1:50001\n"}}
[error] [Firebase Plugin] error:  {}
[debug] [2026-03-09T15:22:33.039Z] <<< [apiv2][status] GET https://firebase.googleapis.com/v1beta1/projects 200
[debug] [2026-03-09T15:22:33.040Z] <<< [apiv2][body] GET https://firebase.googleapis.com/v1beta1/projects [omitted]
[debug] [2026-03-09T15:22:42.397Z] E0310 00:22:42.397538    3724 watch.go:40] Failed to load config from "/Users/gimseoncheol/Desktop/image-voca-app/dataconnect": could not find dataconnect.yaml in `/Users/gimseoncheol/Desktop/image-voca-app/dataconnect`
 {"metadata":{"emulator":{"name":"dataconnect"},"message":"E0310 00:22:42.397538    3724 watch.go:40] Failed to load config from \"/Users/gimseoncheol/Desktop/image-voca-app/dataconnect\": could not find dataconnect.yaml in `/Users/gimseoncheol/Desktop/image-voca-app/dataconnect`\n"}}
[debug] [2026-03-09T15:22:52.396Z] E0310 00:22:52.396277    3724 watch.go:40] Failed to load config from "/Users/gimseoncheol/Desktop/image-voca-app/dataconnect": could not find dataconnect.yaml in `/Users/gimseoncheol/Desktop/image-voca-app/dataconnect`
 {"metadata":{"emulator":{"name":"dataconnect"},"message":"E0310 00:22:52.396277    3724 watch.go:40] Failed to load config from \"/Users/gimseoncheol/Desktop/image-voca-app/dataconnect\": could not find dataconnect.yaml in `/Users/gimseoncheol/Desktop/image-voca-app/dataconnect`\n"}}
[debug] [2026-03-09T15:23:02.395Z] E0310 00:23:02.395570    3724 watch.go:40] Failed to load config from "/Users/gimseoncheol/Desktop/image-voca-app/dataconnect": could not find dataconnect.yaml in `/Users/gimseoncheol/Desktop/image-voca-app/dataconnect`
 {"metadata":{"emulator":{"name":"dataconnect"},"message":"E0310 00:23:02.395570    3724 watch.go:40] Failed to load config from \"/Users/gimseoncheol/Desktop/image-voca-app/dataconnect\": could not find dataconnect.yaml in `/Users/gimseoncheol/Desktop/image-voca-app/dataconnect`\n"}}
[debug] [2026-03-09T15:23:12.396Z] E0310 00:23:12.395359    3724 watch.go:40] Failed to load config from "/Users/gimseoncheol/Desktop/image-voca-app/dataconnect": could not find dataconnect.yaml in `/Users/gimseoncheol/Desktop/image-voca-app/dataconnect`
 {"metadata":{"emulator":{"name":"dataconnect"},"message":"E0310 00:23:12.395359    3724 watch.go:40] Failed to load config from \"/Users/gimseoncheol/Desktop/image-voca-app/dataconnect\": could not find dataconnect.yaml in `/Users/gimseoncheol/Desktop/image-voca-app/dataconnect`\n"}}
[debug] [2026-03-09T15:23:22.395Z] E0310 00:23:22.395283    3724 watch.go:40] Failed to load config from "/Users/gimseoncheol/Desktop/image-voca-app/dataconnect": could not find dataconnect.yaml in `/Users/gimseoncheol/Desktop/image-voca-app/dataconnect`
 {"metadata":{"emulator":{"name":"dataconnect"},"message":"E0310 00:23:22.395283    3724 watch.go:40] Failed to load config from \"/Users/gimseoncheol/Desktop/image-voca-app/dataconnect\": could not find dataconnect.yaml in `/Users/gimseoncheol/Desktop/image-voca-app/dataconnect`\n"}}
[debug] [2026-03-09T15:23:32.399Z] E0310 00:23:32.398629    3724 watch.go:116] watchAllDir unable to walk dir `/Users/gimseoncheol/Desktop/image-voca-app/dataconnect`: lstat /Users/gimseoncheol/Desktop/image-voca-app/dataconnect: no such file or directory
E0310 00:23:32.398761    3724 watch.go:40] Failed to load config from "/Users/gimseoncheol/Desktop/image-voca-app/dataconnect": could not find dataconnect.yaml in `/Users/gimseoncheol/Desktop/image-voca-app/dataconnect`
 {"metadata":{"emulator":{"name":"dataconnect"},"message":"E0310 00:23:32.398629    3724 watch.go:116] watchAllDir unable to walk dir `/Users/gimseoncheol/Desktop/image-voca-app/dataconnect`: lstat /Users/gimseoncheol/Desktop/image-voca-app/dataconnect: no such file or directory\nE0310 00:23:32.398761    3724 watch.go:40] Failed to load config from \"/Users/gimseoncheol/Desktop/image-voca-app/dataconnect\": could not find dataconnect.yaml in `/Users/gimseoncheol/Desktop/image-voca-app/dataconnect`\n"}}
[debug] [2026-03-09T15:23:42.397Z] E0310 00:23:42.396745    3724 watch.go:40] Failed to load config from "/Users/gimseoncheol/Desktop/image-voca-app/dataconnect": could not find dataconnect.yaml in `/Users/gimseoncheol/Desktop/image-voca-app/dataconnect`
 {"metadata":{"emulator":{"name":"dataconnect"},"message":"E0310 00:23:42.396745    3724 watch.go:40] Failed to load config from \"/Users/gimseoncheol/Desktop/image-voca-app/dataconnect\": could not find dataconnect.yaml in `/Users/gimseoncheol/Desktop/image-voca-app/dataconnect`\n"}}
[debug] [2026-03-09T15:23:52.395Z] E0310 00:23:52.395183    3724 watch.go:40] Failed to load config from "/Users/gimseoncheol/Desktop/image-voca-app/dataconnect": could not find dataconnect.yaml in `/Users/gimseoncheol/Desktop/image-voca-app/dataconnect`
 {"metadata":{"emulator":{"name":"dataconnect"},"message":"E0310 00:23:52.395183    3724 watch.go:40] Failed to load config from \"/Users/gimseoncheol/Desktop/image-voca-app/dataconnect\": could not find dataconnect.yaml in `/Users/gimseoncheol/Desktop/image-voca-app/dataconnect`\n"}}
[debug] [2026-03-09T15:24:02.395Z] E0310 00:24:02.394840    3724 watch.go:40] Failed to load config from "/Users/gimseoncheol/Desktop/image-voca-app/dataconnect": could not find dataconnect.yaml in `/Users/gimseoncheol/Desktop/image-voca-app/dataconnect`
 {"metadata":{"emulator":{"name":"dataconnect"},"message":"E0310 00:24:02.394840    3724 watch.go:40] Failed to load config from \"/Users/gimseoncheol/Desktop/image-voca-app/dataconnect\": could not find dataconnect.yaml in `/Users/gimseoncheol/Desktop/image-voca-app/dataconnect`\n"}}
[debug] [2026-03-09T15:24:12.396Z] E0310 00:24:12.396203    3724 watch.go:40] Failed to load config from "/Users/gimseoncheol/Desktop/image-voca-app/dataconnect": could not find dataconnect.yaml in `/Users/gimseoncheol/Desktop/image-voca-app/dataconnect`
 {"metadata":{"emulator":{"name":"dataconnect"},"message":"E0310 00:24:12.396203    3724 watch.go:40] Failed to load config from \"/Users/gimseoncheol/Desktop/image-voca-app/dataconnect\": could not find dataconnect.yaml in `/Users/gimseoncheol/Desktop/image-voca-app/dataconnect`\n"}}
[debug] [2026-03-09T15:24:22.395Z] E0310 00:24:22.395237    3724 watch.go:40] Failed to load config from "/Users/gimseoncheol/Desktop/image-voca-app/dataconnect": could not find dataconnect.yaml in `/Users/gimseoncheol/Desktop/image-voca-app/dataconnect`
 {"metadata":{"emulator":{"name":"dataconnect"},"message":"E0310 00:24:22.395237    3724 watch.go:40] Failed to load config from \"/Users/gimseoncheol/Desktop/image-voca-app/dataconnect\": could not find dataconnect.yaml in `/Users/gimseoncheol/Desktop/image-voca-app/dataconnect`\n"}}
[debug] [2026-03-09T15:24:32.396Z] E0310 00:24:32.396050    3724 watch.go:116] watchAllDir unable to walk dir `/Users/gimseoncheol/Desktop/image-voca-app/dataconnect`: lstat /Users/gimseoncheol/Desktop/image-voca-app/dataconnect: no such file or directory
E0310 00:24:32.396112    3724 watch.go:40] Failed to load config from "/Users/gimseoncheol/Desktop/image-voca-app/dataconnect": could not find dataconnect.yaml in `/Users/gimseoncheol/Desktop/image-voca-app/dataconnect`
 {"metadata":{"emulator":{"name":"dataconnect"},"message":"E0310 00:24:32.396050    3724 watch.go:116] watchAllDir unable to walk dir `/Users/gimseoncheol/Desktop/image-voca-app/dataconnect`: lstat /Users/gimseoncheol/Desktop/image-voca-app/dataconnect: no such file or directory\nE0310 00:24:32.396112    3724 watch.go:40] Failed to load config from \"/Users/gimseoncheol/Desktop/image-voca-app/dataconnect\": could not find dataconnect.yaml in `/Users/gimseoncheol/Desktop/image-voca-app/dataconnect`\n"}}
[debug] [2026-03-09T15:24:42.394Z] E0310 00:24:42.394685    3724 watch.go:40] Failed to load config from "/Users/gimseoncheol/Desktop/image-voca-app/dataconnect": could not find dataconnect.yaml in `/Users/gimseoncheol/Desktop/image-voca-app/dataconnect`
 {"metadata":{"emulator":{"name":"dataconnect"},"message":"E0310 00:24:42.394685    3724 watch.go:40] Failed to load config from \"/Users/gimseoncheol/Desktop/image-voca-app/dataconnect\": could not find dataconnect.yaml in `/Users/gimseoncheol/Desktop/image-voca-app/dataconnect`\n"}}
[debug] [2026-03-09T15:24:52.396Z] E0310 00:24:52.395732    3724 watch.go:40] Failed to load config from "/Users/gimseoncheol/Desktop/image-voca-app/dataconnect": could not find dataconnect.yaml in `/Users/gimseoncheol/Desktop/image-voca-app/dataconnect`
 {"metadata":{"emulator":{"name":"dataconnect"},"message":"E0310 00:24:52.395732    3724 watch.go:40] Failed to load config from \"/Users/gimseoncheol/Desktop/image-voca-app/dataconnect\": could not find dataconnect.yaml in `/Users/gimseoncheol/Desktop/image-voca-app/dataconnect`\n"}}
[debug] [2026-03-09T15:25:02.395Z] E0310 00:25:02.395437    3724 watch.go:40] Failed to load config from "/Users/gimseoncheol/Desktop/image-voca-app/dataconnect": could not find dataconnect.yaml in `/Users/gimseoncheol/Desktop/image-voca-app/dataconnect`
 {"metadata":{"emulator":{"name":"dataconnect"},"message":"E0310 00:25:02.395437    3724 watch.go:40] Failed to load config from \"/Users/gimseoncheol/Desktop/image-voca-app/dataconnect\": could not find dataconnect.yaml in `/Users/gimseoncheol/Desktop/image-voca-app/dataconnect`\n"}}
[debug] [2026-03-09T15:25:12.395Z] E0310 00:25:12.395163    3724 watch.go:40] Failed to load config from "/Users/gimseoncheol/Desktop/image-voca-app/dataconnect": could not find dataconnect.yaml in `/Users/gimseoncheol/Desktop/image-voca-app/dataconnect`
 {"metadata":{"emulator":{"name":"dataconnect"},"message":"E0310 00:25:12.395163    3724 watch.go:40] Failed to load config from \"/Users/gimseoncheol/Desktop/image-voca-app/dataconnect\": could not find dataconnect.yaml in `/Users/gimseoncheol/Desktop/image-voca-app/dataconnect`\n"}}
[debug] [2026-03-09T15:25:22.394Z] E0310 00:25:22.394370    3724 watch.go:40] Failed to load config from "/Users/gimseoncheol/Desktop/image-voca-app/dataconnect": could not find dataconnect.yaml in `/Users/gimseoncheol/Desktop/image-voca-app/dataconnect`
 {"metadata":{"emulator":{"name":"dataconnect"},"message":"E0310 00:25:22.394370    3724 watch.go:40] Failed to load config from \"/Users/gimseoncheol/Desktop/image-voca-app/dataconnect\": could not find dataconnect.yaml in `/Users/gimseoncheol/Desktop/image-voca-app/dataconnect`\n"}}
[debug] [2026-03-09T15:25:32.396Z] E0310 00:25:32.394719    3724 watch.go:116] watchAllDir unable to walk dir `/Users/gimseoncheol/Desktop/image-voca-app/dataconnect`: lstat /Users/gimseoncheol/Desktop/image-voca-app/dataconnect: no such file or directory
 {"metadata":{"emulator":{"name":"dataconnect"},"message":"E0310 00:25:32.394719    3724 watch.go:116] watchAllDir unable to walk dir `/Users/gimseoncheol/Desktop/image-voca-app/dataconnect`: lstat /Users/gimseoncheol/Desktop/image-voca-app/dataconnect: no such file or directory\n"}}
[debug] [2026-03-09T15:25:32.397Z] E0310 00:25:32.396829    3724 watch.go:40] Failed to load config from "/Users/gimseoncheol/Desktop/image-voca-app/dataconnect": could not find dataconnect.yaml in `/Users/gimseoncheol/Desktop/image-voca-app/dataconnect`
 {"metadata":{"emulator":{"name":"dataconnect"},"message":"E0310 00:25:32.396829    3724 watch.go:40] Failed to load config from \"/Users/gimseoncheol/Desktop/image-voca-app/dataconnect\": could not find dataconnect.yaml in `/Users/gimseoncheol/Desktop/image-voca-app/dataconnect`\n"}}
[debug] [2026-03-09T15:25:42.398Z] E0310 00:25:42.398013    3724 watch.go:40] Failed to load config from "/Users/gimseoncheol/Desktop/image-voca-app/dataconnect": could not find dataconnect.yaml in `/Users/gimseoncheol/Desktop/image-voca-app/dataconnect`
 {"metadata":{"emulator":{"name":"dataconnect"},"message":"E0310 00:25:42.398013    3724 watch.go:40] Failed to load config from \"/Users/gimseoncheol/Desktop/image-voca-app/dataconnect\": could not find dataconnect.yaml in `/Users/gimseoncheol/Desktop/image-voca-app/dataconnect`\n"}}
[debug] [2026-03-09T15:25:52.395Z] E0310 00:25:52.395071    3724 watch.go:40] Failed to load config from "/Users/gimseoncheol/Desktop/image-voca-app/dataconnect": could not find dataconnect.yaml in `/Users/gimseoncheol/Desktop/image-voca-app/dataconnect`
 {"metadata":{"emulator":{"name":"dataconnect"},"message":"E0310 00:25:52.395071    3724 watch.go:40] Failed to load config from \"/Users/gimseoncheol/Desktop/image-voca-app/dataconnect\": could not find dataconnect.yaml in `/Users/gimseoncheol/Desktop/image-voca-app/dataconnect`\n"}}
[debug] [2026-03-09T15:26:02.395Z] E0310 00:26:02.395490    3724 watch.go:40] Failed to load config from "/Users/gimseoncheol/Desktop/image-voca-app/dataconnect": could not find dataconnect.yaml in `/Users/gimseoncheol/Desktop/image-voca-app/dataconnect`
 {"metadata":{"emulator":{"name":"dataconnect"},"message":"E0310 00:26:02.395490    3724 watch.go:40] Failed to load config from \"/Users/gimseoncheol/Desktop/image-voca-app/dataconnect\": could not find dataconnect.yaml in `/Users/gimseoncheol/Desktop/image-voca-app/dataconnect`\n"}}
[debug] [2026-03-09T15:26:12.395Z] E0310 00:26:12.394984    3724 watch.go:40] Failed to load config from "/Users/gimseoncheol/Desktop/image-voca-app/dataconnect": could not find dataconnect.yaml in `/Users/gimseoncheol/Desktop/image-voca-app/dataconnect`
 {"metadata":{"emulator":{"name":"dataconnect"},"message":"E0310 00:26:12.394984    3724 watch.go:40] Failed to load config from \"/Users/gimseoncheol/Desktop/image-voca-app/dataconnect\": could not find dataconnect.yaml in `/Users/gimseoncheol/Desktop/image-voca-app/dataconnect`\n"}}
[debug] [2026-03-09T15:26:22.394Z] E0310 00:26:22.394772    3724 watch.go:40] Failed to load config from "/Users/gimseoncheol/Desktop/image-voca-app/dataconnect": could not find dataconnect.yaml in `/Users/gimseoncheol/Desktop/image-voca-app/dataconnect`
 {"metadata":{"emulator":{"name":"dataconnect"},"message":"E0310 00:26:22.394772    3724 watch.go:40] Failed to load config from \"/Users/gimseoncheol/Desktop/image-voca-app/dataconnect\": could not find dataconnect.yaml in `/Users/gimseoncheol/Desktop/image-voca-app/dataconnect`\n"}}
[debug] [2026-03-09T15:26:32.394Z] E0310 00:26:32.394815    3724 watch.go:116] watchAllDir unable to walk dir `/Users/gimseoncheol/Desktop/image-voca-app/dataconnect`: lstat /Users/gimseoncheol/Desktop/image-voca-app/dataconnect: no such file or directory
E0310 00:26:32.394836    3724 watch.go:40] Failed to load config from "/Users/gimseoncheol/Desktop/image-voca-app/dataconnect": could not find dataconnect.yaml in `/Users/gimseoncheol/Desktop/image-voca-app/dataconnect`
 {"metadata":{"emulator":{"name":"dataconnect"},"message":"E0310 00:26:32.394815    3724 watch.go:116] watchAllDir unable to walk dir `/Users/gimseoncheol/Desktop/image-voca-app/dataconnect`: lstat /Users/gimseoncheol/Desktop/image-voca-app/dataconnect: no such file or directory\nE0310 00:26:32.394836    3724 watch.go:40] Failed to load config from \"/Users/gimseoncheol/Desktop/image-voca-app/dataconnect\": could not find dataconnect.yaml in `/Users/gimseoncheol/Desktop/image-voca-app/dataconnect`\n"}}
[debug] [2026-03-09T15:26:42.395Z] E0310 00:26:42.395356    3724 watch.go:40] Failed to load config from "/Users/gimseoncheol/Desktop/image-voca-app/dataconnect": could not find dataconnect.yaml in `/Users/gimseoncheol/Desktop/image-voca-app/dataconnect`
 {"metadata":{"emulator":{"name":"dataconnect"},"message":"E0310 00:26:42.395356    3724 watch.go:40] Failed to load config from \"/Users/gimseoncheol/Desktop/image-voca-app/dataconnect\": could not find dataconnect.yaml in `/Users/gimseoncheol/Desktop/image-voca-app/dataconnect`\n"}}
[debug] [2026-03-09T15:26:52.394Z] E0310 00:26:52.394800    3724 watch.go:40] Failed to load config from "/Users/gimseoncheol/Desktop/image-voca-app/dataconnect": could not find dataconnect.yaml in `/Users/gimseoncheol/Desktop/image-voca-app/dataconnect`
 {"metadata":{"emulator":{"name":"dataconnect"},"message":"E0310 00:26:52.394800    3724 watch.go:40] Failed to load config from \"/Users/gimseoncheol/Desktop/image-voca-app/dataconnect\": could not find dataconnect.yaml in `/Users/gimseoncheol/Desktop/image-voca-app/dataconnect`\n"}}
[debug] [2026-03-09T15:27:02.394Z] E0310 00:27:02.394759    3724 watch.go:40] Failed to load config from "/Users/gimseoncheol/Desktop/image-voca-app/dataconnect": could not find dataconnect.yaml in `/Users/gimseoncheol/Desktop/image-voca-app/dataconnect`
 {"metadata":{"emulator":{"name":"dataconnect"},"message":"E0310 00:27:02.394759    3724 watch.go:40] Failed to load config from \"/Users/gimseoncheol/Desktop/image-voca-app/dataconnect\": could not find dataconnect.yaml in `/Users/gimseoncheol/Desktop/image-voca-app/dataconnect`\n"}}
[debug] [2026-03-09T15:27:12.394Z] E0310 00:27:12.394683    3724 watch.go:40] Failed to load config from "/Users/gimseoncheol/Desktop/image-voca-app/dataconnect": could not find dataconnect.yaml in `/Users/gimseoncheol/Desktop/image-voca-app/dataconnect`
 {"metadata":{"emulator":{"name":"dataconnect"},"message":"E0310 00:27:12.394683    3724 watch.go:40] Failed to load config from \"/Users/gimseoncheol/Desktop/image-voca-app/dataconnect\": could not find dataconnect.yaml in `/Users/gimseoncheol/Desktop/image-voca-app/dataconnect`\n"}}
[debug] [2026-03-09T15:27:22.395Z] E0310 00:27:22.394874    3724 watch.go:40] Failed to load config from "/Users/gimseoncheol/Desktop/image-voca-app/dataconnect": could not find dataconnect.yaml in `/Users/gimseoncheol/Desktop/image-voca-app/dataconnect`
 {"metadata":{"emulator":{"name":"dataconnect"},"message":"E0310 00:27:22.394874    3724 watch.go:40] Failed to load config from \"/Users/gimseoncheol/Desktop/image-voca-app/dataconnect\": could not find dataconnect.yaml in `/Users/gimseoncheol/Desktop/image-voca-app/dataconnect`\n"}}
[debug] [2026-03-09T15:27:32.395Z] E0310 00:27:32.395221    3724 watch.go:116] watchAllDir unable to walk dir `/Users/gimseoncheol/Desktop/image-voca-app/dataconnect`: lstat /Users/gimseoncheol/Desktop/image-voca-app/dataconnect: no such file or directory
E0310 00:27:32.395287    3724 watch.go:40] Failed to load config from "/Users/gimseoncheol/Desktop/image-voca-app/dataconnect": could not find dataconnect.yaml in `/Users/gimseoncheol/Desktop/image-voca-app/dataconnect`
 {"metadata":{"emulator":{"name":"dataconnect"},"message":"E0310 00:27:32.395221    3724 watch.go:116] watchAllDir unable to walk dir `/Users/gimseoncheol/Desktop/image-voca-app/dataconnect`: lstat /Users/gimseoncheol/Desktop/image-voca-app/dataconnect: no such file or directory\nE0310 00:27:32.395287    3724 watch.go:40] Failed to load config from \"/Users/gimseoncheol/Desktop/image-voca-app/dataconnect\": could not find dataconnect.yaml in `/Users/gimseoncheol/Desktop/image-voca-app/dataconnect`\n"}}
[debug] [2026-03-09T15:27:42.395Z] E0310 00:27:42.394862    3724 watch.go:40] Failed to load config from "/Users/gimseoncheol/Desktop/image-voca-app/dataconnect": could not find dataconnect.yaml in `/Users/gimseoncheol/Desktop/image-voca-app/dataconnect`
 {"metadata":{"emulator":{"name":"dataconnect"},"message":"E0310 00:27:42.394862    3724 watch.go:40] Failed to load config from \"/Users/gimseoncheol/Desktop/image-voca-app/dataconnect\": could not find dataconnect.yaml in `/Users/gimseoncheol/Desktop/image-voca-app/dataconnect`\n"}}
[debug] [2026-03-09T15:27:52.398Z] E0310 00:27:52.398273    3724 watch.go:40] Failed to load config from "/Users/gimseoncheol/Desktop/image-voca-app/dataconnect": could not find dataconnect.yaml in `/Users/gimseoncheol/Desktop/image-voca-app/dataconnect`
 {"metadata":{"emulator":{"name":"dataconnect"},"message":"E0310 00:27:52.398273    3724 watch.go:40] Failed to load config from \"/Users/gimseoncheol/Desktop/image-voca-app/dataconnect\": could not find dataconnect.yaml in `/Users/gimseoncheol/Desktop/image-voca-app/dataconnect`\n"}}
[debug] [2026-03-09T15:28:02.394Z] E0310 00:28:02.394575    3724 watch.go:40] Failed to load config from "/Users/gimseoncheol/Desktop/image-voca-app/dataconnect": could not find dataconnect.yaml in `/Users/gimseoncheol/Desktop/image-voca-app/dataconnect`
 {"metadata":{"emulator":{"name":"dataconnect"},"message":"E0310 00:28:02.394575    3724 watch.go:40] Failed to load config from \"/Users/gimseoncheol/Desktop/image-voca-app/dataconnect\": could not find dataconnect.yaml in `/Users/gimseoncheol/Desktop/image-voca-app/dataconnect`\n"}}
[debug] [2026-03-09T15:28:12.395Z] E0310 00:28:12.394724    3724 watch.go:40] Failed to load config from "/Users/gimseoncheol/Desktop/image-voca-app/dataconnect": could not find dataconnect.yaml in `/Users/gimseoncheol/Desktop/image-voca-app/dataconnect`
 {"metadata":{"emulator":{"name":"dataconnect"},"message":"E0310 00:28:12.394724    3724 watch.go:40] Failed to load config from \"/Users/gimseoncheol/Desktop/image-voca-app/dataconnect\": could not find dataconnect.yaml in `/Users/gimseoncheol/Desktop/image-voca-app/dataconnect`\n"}}
[debug] [2026-03-09T15:28:22.394Z] E0310 00:28:22.394580    3724 watch.go:40] Failed to load config from "/Users/gimseoncheol/Desktop/image-voca-app/dataconnect": could not find dataconnect.yaml in `/Users/gimseoncheol/Desktop/image-voca-app/dataconnect`
 {"metadata":{"emulator":{"name":"dataconnect"},"message":"E0310 00:28:22.394580    3724 watch.go:40] Failed to load config from \"/Users/gimseoncheol/Desktop/image-voca-app/dataconnect\": could not find dataconnect.yaml in `/Users/gimseoncheol/Desktop/image-voca-app/dataconnect`\n"}}
[debug] [2026-03-09T15:28:32.394Z] E0310 00:28:32.394583    3724 watch.go:116] watchAllDir unable to walk dir `/Users/gimseoncheol/Desktop/image-voca-app/dataconnect`: lstat /Users/gimseoncheol/Desktop/image-voca-app/dataconnect: no such file or directory
E0310 00:28:32.394662    3724 watch.go:40] Failed to load config from "/Users/gimseoncheol/Desktop/image-voca-app/dataconnect": could not find dataconnect.yaml in `/Users/gimseoncheol/Desktop/image-voca-app/dataconnect`
 {"metadata":{"emulator":{"name":"dataconnect"},"message":"E0310 00:28:32.394583    3724 watch.go:116] watchAllDir unable to walk dir `/Users/gimseoncheol/Desktop/image-voca-app/dataconnect`: lstat /Users/gimseoncheol/Desktop/image-voca-app/dataconnect: no such file or directory\nE0310 00:28:32.394662    3724 watch.go:40] Failed to load config from \"/Users/gimseoncheol/Desktop/image-voca-app/dataconnect\": could not find dataconnect.yaml in `/Users/gimseoncheol/Desktop/image-voca-app/dataconnect`\n"}}
[debug] [2026-03-09T15:28:42.395Z] E0310 00:28:42.394884    3724 watch.go:40] Failed to load config from "/Users/gimseoncheol/Desktop/image-voca-app/dataconnect": could not find dataconnect.yaml in `/Users/gimseoncheol/Desktop/image-voca-app/dataconnect`
 {"metadata":{"emulator":{"name":"dataconnect"},"message":"E0310 00:28:42.394884    3724 watch.go:40] Failed to load config from \"/Users/gimseoncheol/Desktop/image-voca-app/dataconnect\": could not find dataconnect.yaml in `/Users/gimseoncheol/Desktop/image-voca-app/dataconnect`\n"}}
[debug] [2026-03-09T15:28:52.400Z] E0310 00:28:52.398530    3724 watch.go:40] Failed to load config from "/Users/gimseoncheol/Desktop/image-voca-app/dataconnect": could not find dataconnect.yaml in `/Users/gimseoncheol/Desktop/image-voca-app/dataconnect`
 {"metadata":{"emulator":{"name":"dataconnect"},"message":"E0310 00:28:52.398530    3724 watch.go:40] Failed to load config from \"/Users/gimseoncheol/Desktop/image-voca-app/dataconnect\": could not find dataconnect.yaml in `/Users/gimseoncheol/Desktop/image-voca-app/dataconnect`\n"}}
[debug] [2026-03-09T15:29:02.394Z] E0310 00:29:02.394528    3724 watch.go:40] Failed to load config from "/Users/gimseoncheol/Desktop/image-voca-app/dataconnect": could not find dataconnect.yaml in `/Users/gimseoncheol/Desktop/image-voca-app/dataconnect`
 {"metadata":{"emulator":{"name":"dataconnect"},"message":"E0310 00:29:02.394528    3724 watch.go:40] Failed to load config from \"/Users/gimseoncheol/Desktop/image-voca-app/dataconnect\": could not find dataconnect.yaml in `/Users/gimseoncheol/Desktop/image-voca-app/dataconnect`\n"}}
[debug] [2026-03-09T15:29:12.398Z] E0310 00:29:12.398003    3724 watch.go:40] Failed to load config from "/Users/gimseoncheol/Desktop/image-voca-app/dataconnect": could not find dataconnect.yaml in `/Users/gimseoncheol/Desktop/image-voca-app/dataconnect`
 {"metadata":{"emulator":{"name":"dataconnect"},"message":"E0310 00:29:12.398003    3724 watch.go:40] Failed to load config from \"/Users/gimseoncheol/Desktop/image-voca-app/dataconnect\": could not find dataconnect.yaml in `/Users/gimseoncheol/Desktop/image-voca-app/dataconnect`\n"}}
[debug] [2026-03-09T15:29:22.395Z] E0310 00:29:22.394998    3724 watch.go:40] Failed to load config from "/Users/gimseoncheol/Desktop/image-voca-app/dataconnect": could not find dataconnect.yaml in `/Users/gimseoncheol/Desktop/image-voca-app/dataconnect`
 {"metadata":{"emulator":{"name":"dataconnect"},"message":"E0310 00:29:22.394998    3724 watch.go:40] Failed to load config from \"/Users/gimseoncheol/Desktop/image-voca-app/dataconnect\": could not find dataconnect.yaml in `/Users/gimseoncheol/Desktop/image-voca-app/dataconnect`\n"}}
[debug] [2026-03-09T15:29:32.395Z] E0310 00:29:32.394601    3724 watch.go:116] watchAllDir unable to walk dir `/Users/gimseoncheol/Desktop/image-voca-app/dataconnect`: lstat /Users/gimseoncheol/Desktop/image-voca-app/dataconnect: no such file or directory
E0310 00:29:32.394663    3724 watch.go:40] Failed to load config from "/Users/gimseoncheol/Desktop/image-voca-app/dataconnect": could not find dataconnect.yaml in `/Users/gimseoncheol/Desktop/image-voca-app/dataconnect`
 {"metadata":{"emulator":{"name":"dataconnect"},"message":"E0310 00:29:32.394601    3724 watch.go:116] watchAllDir unable to walk dir `/Users/gimseoncheol/Desktop/image-voca-app/dataconnect`: lstat /Users/gimseoncheol/Desktop/image-voca-app/dataconnect: no such file or directory\nE0310 00:29:32.394663    3724 watch.go:40] Failed to load config from \"/Users/gimseoncheol/Desktop/image-voca-app/dataconnect\": could not find dataconnect.yaml in `/Users/gimseoncheol/Desktop/image-voca-app/dataconnect`\n"}}
[debug] [2026-03-09T15:29:42.394Z] E0310 00:29:42.393780    3724 watch.go:40] Failed to load config from "/Users/gimseoncheol/Desktop/image-voca-app/dataconnect": could not find dataconnect.yaml in `/Users/gimseoncheol/Desktop/image-voca-app/dataconnect`
 {"metadata":{"emulator":{"name":"dataconnect"},"message":"E0310 00:29:42.393780    3724 watch.go:40] Failed to load config from \"/Users/gimseoncheol/Desktop/image-voca-app/dataconnect\": could not find dataconnect.yaml in `/Users/gimseoncheol/Desktop/image-voca-app/dataconnect`\n"}}
[debug] [2026-03-09T15:29:52.394Z] E0310 00:29:52.394478    3724 watch.go:40] Failed to load config from "/Users/gimseoncheol/Desktop/image-voca-app/dataconnect": could not find dataconnect.yaml in `/Users/gimseoncheol/Desktop/image-voca-app/dataconnect`
 {"metadata":{"emulator":{"name":"dataconnect"},"message":"E0310 00:29:52.394478    3724 watch.go:40] Failed to load config from \"/Users/gimseoncheol/Desktop/image-voca-app/dataconnect\": could not find dataconnect.yaml in `/Users/gimseoncheol/Desktop/image-voca-app/dataconnect`\n"}}
[debug] [2026-03-09T15:30:02.394Z] E0310 00:30:02.394388    3724 watch.go:40] Failed to load config from "/Users/gimseoncheol/Desktop/image-voca-app/dataconnect": could not find dataconnect.yaml in `/Users/gimseoncheol/Desktop/image-voca-app/dataconnect`
 {"metadata":{"emulator":{"name":"dataconnect"},"message":"E0310 00:30:02.394388    3724 watch.go:40] Failed to load config from \"/Users/gimseoncheol/Desktop/image-voca-app/dataconnect\": could not find dataconnect.yaml in `/Users/gimseoncheol/Desktop/image-voca-app/dataconnect`\n"}}
[debug] [2026-03-09T15:30:12.394Z] E0310 00:30:12.394236    3724 watch.go:40] Failed to load config from "/Users/gimseoncheol/Desktop/image-voca-app/dataconnect": could not find dataconnect.yaml in `/Users/gimseoncheol/Desktop/image-voca-app/dataconnect`
 {"metadata":{"emulator":{"name":"dataconnect"},"message":"E0310 00:30:12.394236    3724 watch.go:40] Failed to load config from \"/Users/gimseoncheol/Desktop/image-voca-app/dataconnect\": could not find dataconnect.yaml in `/Users/gimseoncheol/Desktop/image-voca-app/dataconnect`\n"}}
[debug] [2026-03-09T15:30:22.394Z] E0310 00:30:22.394309    3724 watch.go:40] Failed to load config from "/Users/gimseoncheol/Desktop/image-voca-app/dataconnect": could not find dataconnect.yaml in `/Users/gimseoncheol/Desktop/image-voca-app/dataconnect`
 {"metadata":{"emulator":{"name":"dataconnect"},"message":"E0310 00:30:22.394309    3724 watch.go:40] Failed to load config from \"/Users/gimseoncheol/Desktop/image-voca-app/dataconnect\": could not find dataconnect.yaml in `/Users/gimseoncheol/Desktop/image-voca-app/dataconnect`\n"}}
[debug] [2026-03-09T15:30:32.394Z] E0310 00:30:32.394204    3724 watch.go:116] watchAllDir unable to walk dir `/Users/gimseoncheol/Desktop/image-voca-app/dataconnect`: lstat /Users/gimseoncheol/Desktop/image-voca-app/dataconnect: no such file or directory
E0310 00:30:32.394219    3724 watch.go:40] Failed to load config from "/Users/gimseoncheol/Desktop/image-voca-app/dataconnect": could not find dataconnect.yaml in `/Users/gimseoncheol/Desktop/image-voca-app/dataconnect`
 {"metadata":{"emulator":{"name":"dataconnect"},"message":"E0310 00:30:32.394204    3724 watch.go:116] watchAllDir unable to walk dir `/Users/gimseoncheol/Desktop/image-voca-app/dataconnect`: lstat /Users/gimseoncheol/Desktop/image-voca-app/dataconnect: no such file or directory\nE0310 00:30:32.394219    3724 watch.go:40] Failed to load config from \"/Users/gimseoncheol/Desktop/image-voca-app/dataconnect\": could not find dataconnect.yaml in `/Users/gimseoncheol/Desktop/image-voca-app/dataconnect`\n"}}
[debug] [2026-03-09T15:30:42.394Z] E0310 00:30:42.394258    3724 watch.go:40] Failed to load config from "/Users/gimseoncheol/Desktop/image-voca-app/dataconnect": could not find dataconnect.yaml in `/Users/gimseoncheol/Desktop/image-voca-app/dataconnect`
 {"metadata":{"emulator":{"name":"dataconnect"},"message":"E0310 00:30:42.394258    3724 watch.go:40] Failed to load config from \"/Users/gimseoncheol/Desktop/image-voca-app/dataconnect\": could not find dataconnect.yaml in `/Users/gimseoncheol/Desktop/image-voca-app/dataconnect`\n"}}
[debug] [2026-03-09T15:30:52.394Z] E0310 00:30:52.394192    3724 watch.go:40] Failed to load config from "/Users/gimseoncheol/Desktop/image-voca-app/dataconnect": could not find dataconnect.yaml in `/Users/gimseoncheol/Desktop/image-voca-app/dataconnect`
 {"metadata":{"emulator":{"name":"dataconnect"},"message":"E0310 00:30:52.394192    3724 watch.go:40] Failed to load config from \"/Users/gimseoncheol/Desktop/image-voca-app/dataconnect\": could not find dataconnect.yaml in `/Users/gimseoncheol/Desktop/image-voca-app/dataconnect`\n"}}
[debug] [2026-03-09T15:31:02.394Z] E0310 00:31:02.394230    3724 watch.go:40] Failed to load config from "/Users/gimseoncheol/Desktop/image-voca-app/dataconnect": could not find dataconnect.yaml in `/Users/gimseoncheol/Desktop/image-voca-app/dataconnect`
 {"metadata":{"emulator":{"name":"dataconnect"},"message":"E0310 00:31:02.394230    3724 watch.go:40] Failed to load config from \"/Users/gimseoncheol/Desktop/image-voca-app/dataconnect\": could not find dataconnect.yaml in `/Users/gimseoncheol/Desktop/image-voca-app/dataconnect`\n"}}
[debug] [2026-03-09T15:31:12.393Z] E0310 00:31:12.393217    3724 watch.go:40] Failed to load config from "/Users/gimseoncheol/Desktop/image-voca-app/dataconnect": could not find dataconnect.yaml in `/Users/gimseoncheol/Desktop/image-voca-app/dataconnect`
 {"metadata":{"emulator":{"name":"dataconnect"},"message":"E0310 00:31:12.393217    3724 watch.go:40] Failed to load config from \"/Users/gimseoncheol/Desktop/image-voca-app/dataconnect\": could not find dataconnect.yaml in `/Users/gimseoncheol/Desktop/image-voca-app/dataconnect`\n"}}
[debug] [2026-03-09T15:31:22.394Z] E0310 00:31:22.394163    3724 watch.go:40] Failed to load config from "/Users/gimseoncheol/Desktop/image-voca-app/dataconnect": could not find dataconnect.yaml in `/Users/gimseoncheol/Desktop/image-voca-app/dataconnect`
 {"metadata":{"emulator":{"name":"dataconnect"},"message":"E0310 00:31:22.394163    3724 watch.go:40] Failed to load config from \"/Users/gimseoncheol/Desktop/image-voca-app/dataconnect\": could not find dataconnect.yaml in `/Users/gimseoncheol/Desktop/image-voca-app/dataconnect`\n"}}
[debug] [2026-03-09T15:31:32.394Z] E0310 00:31:32.394106    3724 watch.go:40] Failed to load config from "/Users/gimseoncheol/Desktop/image-voca-app/dataconnect": could not find dataconnect.yaml in `/Users/gimseoncheol/Desktop/image-voca-app/dataconnect`
E0310 00:31:32.394101    3724 watch.go:116] watchAllDir unable to walk dir `/Users/gimseoncheol/Desktop/image-voca-app/dataconnect`: lstat /Users/gimseoncheol/Desktop/image-voca-app/dataconnect: no such file or directory
 {"metadata":{"emulator":{"name":"dataconnect"},"message":"E0310 00:31:32.394106    3724 watch.go:40] Failed to load config from \"/Users/gimseoncheol/Desktop/image-voca-app/dataconnect\": could not find dataconnect.yaml in `/Users/gimseoncheol/Desktop/image-voca-app/dataconnect`\nE0310 00:31:32.394101    3724 watch.go:116] watchAllDir unable to walk dir `/Users/gimseoncheol/Desktop/image-voca-app/dataconnect`: lstat /Users/gimseoncheol/Desktop/image-voca-app/dataconnect: no such file or directory\n"}}
[debug] [2026-03-09T15:31:42.394Z] E0310 00:31:42.394108    3724 watch.go:40] Failed to load config from "/Users/gimseoncheol/Desktop/image-voca-app/dataconnect": could not find dataconnect.yaml in `/Users/gimseoncheol/Desktop/image-voca-app/dataconnect`
 {"metadata":{"emulator":{"name":"dataconnect"},"message":"E0310 00:31:42.394108    3724 watch.go:40] Failed to load config from \"/Users/gimseoncheol/Desktop/image-voca-app/dataconnect\": could not find dataconnect.yaml in `/Users/gimseoncheol/Desktop/image-voca-app/dataconnect`\n"}}
[debug] [2026-03-09T15:31:52.394Z] E0310 00:31:52.394096    3724 watch.go:40] Failed to load config from "/Users/gimseoncheol/Desktop/image-voca-app/dataconnect": could not find dataconnect.yaml in `/Users/gimseoncheol/Desktop/image-voca-app/dataconnect`
 {"metadata":{"emulator":{"name":"dataconnect"},"message":"E0310 00:31:52.394096    3724 watch.go:40] Failed to load config from \"/Users/gimseoncheol/Desktop/image-voca-app/dataconnect\": could not find dataconnect.yaml in `/Users/gimseoncheol/Desktop/image-voca-app/dataconnect`\n"}}
[debug] [2026-03-09T15:32:02.394Z] E0310 00:32:02.394071    3724 watch.go:40] Failed to load config from "/Users/gimseoncheol/Desktop/image-voca-app/dataconnect": could not find dataconnect.yaml in `/Users/gimseoncheol/Desktop/image-voca-app/dataconnect`
 {"metadata":{"emulator":{"name":"dataconnect"},"message":"E0310 00:32:02.394071    3724 watch.go:40] Failed to load config from \"/Users/gimseoncheol/Desktop/image-voca-app/dataconnect\": could not find dataconnect.yaml in `/Users/gimseoncheol/Desktop/image-voca-app/dataconnect`\n"}}
[debug] [2026-03-09T15:32:12.394Z] E0310 00:32:12.394000    3724 watch.go:40] Failed to load config from "/Users/gimseoncheol/Desktop/image-voca-app/dataconnect": could not find dataconnect.yaml in `/Users/gimseoncheol/Desktop/image-voca-app/dataconnect`
 {"metadata":{"emulator":{"name":"dataconnect"},"message":"E0310 00:32:12.394000    3724 watch.go:40] Failed to load config from \"/Users/gimseoncheol/Desktop/image-voca-app/dataconnect\": could not find dataconnect.yaml in `/Users/gimseoncheol/Desktop/image-voca-app/dataconnect`\n"}}
[debug] [2026-03-09T15:32:22.394Z] E0310 00:32:22.394008    3724 watch.go:40] Failed to load config from "/Users/gimseoncheol/Desktop/image-voca-app/dataconnect": could not find dataconnect.yaml in `/Users/gimseoncheol/Desktop/image-voca-app/dataconnect`
 {"metadata":{"emulator":{"name":"dataconnect"},"message":"E0310 00:32:22.394008    3724 watch.go:40] Failed to load config from \"/Users/gimseoncheol/Desktop/image-voca-app/dataconnect\": could not find dataconnect.yaml in `/Users/gimseoncheol/Desktop/image-voca-app/dataconnect`\n"}}
[debug] [2026-03-09T15:32:32.394Z] E0310 00:32:32.393966    3724 watch.go:40] Failed to load config from "/Users/gimseoncheol/Desktop/image-voca-app/dataconnect": could not find dataconnect.yaml in `/Users/gimseoncheol/Desktop/image-voca-app/dataconnect`
E0310 00:32:32.393952    3724 watch.go:116] watchAllDir unable to walk dir `/Users/gimseoncheol/Desktop/image-voca-app/dataconnect`: lstat /Users/gimseoncheol/Desktop/image-voca-app/dataconnect: no such file or directory
 {"metadata":{"emulator":{"name":"dataconnect"},"message":"E0310 00:32:32.393966    3724 watch.go:40] Failed to load config from \"/Users/gimseoncheol/Desktop/image-voca-app/dataconnect\": could not find dataconnect.yaml in `/Users/gimseoncheol/Desktop/image-voca-app/dataconnect`\nE0310 00:32:32.393952    3724 watch.go:116] watchAllDir unable to walk dir `/Users/gimseoncheol/Desktop/image-voca-app/dataconnect`: lstat /Users/gimseoncheol/Desktop/image-voca-app/dataconnect: no such file or directory\n"}}
[debug] [2026-03-09T15:32:42.394Z] E0310 00:32:42.393965    3724 watch.go:40] Failed to load config from "/Users/gimseoncheol/Desktop/image-voca-app/dataconnect": could not find dataconnect.yaml in `/Users/gimseoncheol/Desktop/image-voca-app/dataconnect`
 {"metadata":{"emulator":{"name":"dataconnect"},"message":"E0310 00:32:42.393965    3724 watch.go:40] Failed to load config from \"/Users/gimseoncheol/Desktop/image-voca-app/dataconnect\": could not find dataconnect.yaml in `/Users/gimseoncheol/Desktop/image-voca-app/dataconnect`\n"}}
[debug] [2026-03-09T15:32:52.394Z] E0310 00:32:52.393930    3724 watch.go:40] Failed to load config from "/Users/gimseoncheol/Desktop/image-voca-app/dataconnect": could not find dataconnect.yaml in `/Users/gimseoncheol/Desktop/image-voca-app/dataconnect`
 {"metadata":{"emulator":{"name":"dataconnect"},"message":"E0310 00:32:52.393930    3724 watch.go:40] Failed to load config from \"/Users/gimseoncheol/Desktop/image-voca-app/dataconnect\": could not find dataconnect.yaml in `/Users/gimseoncheol/Desktop/image-voca-app/dataconnect`\n"}}
[debug] [2026-03-09T15:33:02.393Z] E0310 00:33:02.393870    3724 watch.go:40] Failed to load config from "/Users/gimseoncheol/Desktop/image-voca-app/dataconnect": could not find dataconnect.yaml in `/Users/gimseoncheol/Desktop/image-voca-app/dataconnect`
 {"metadata":{"emulator":{"name":"dataconnect"},"message":"E0310 00:33:02.393870    3724 watch.go:40] Failed to load config from \"/Users/gimseoncheol/Desktop/image-voca-app/dataconnect\": could not find dataconnect.yaml in `/Users/gimseoncheol/Desktop/image-voca-app/dataconnect`\n"}}
[debug] [2026-03-09T15:33:12.393Z] E0310 00:33:12.393876    3724 watch.go:40] Failed to load config from "/Users/gimseoncheol/Desktop/image-voca-app/dataconnect": could not find dataconnect.yaml in `/Users/gimseoncheol/Desktop/image-voca-app/dataconnect`
 {"metadata":{"emulator":{"name":"dataconnect"},"message":"E0310 00:33:12.393876    3724 watch.go:40] Failed to load config from \"/Users/gimseoncheol/Desktop/image-voca-app/dataconnect\": could not find dataconnect.yaml in `/Users/gimseoncheol/Desktop/image-voca-app/dataconnect`\n"}}
[debug] [2026-03-09T15:33:22.394Z] E0310 00:33:22.393880    3724 watch.go:40] Failed to load config from "/Users/gimseoncheol/Desktop/image-voca-app/dataconnect": could not find dataconnect.yaml in `/Users/gimseoncheol/Desktop/image-voca-app/dataconnect`
 {"metadata":{"emulator":{"name":"dataconnect"},"message":"E0310 00:33:22.393880    3724 watch.go:40] Failed to load config from \"/Users/gimseoncheol/Desktop/image-voca-app/dataconnect\": could not find dataconnect.yaml in `/Users/gimseoncheol/Desktop/image-voca-app/dataconnect`\n"}}
[debug] [2026-03-09T15:33:32.393Z] E0310 00:33:32.393810    3724 watch.go:116] watchAllDir unable to walk dir `/Users/gimseoncheol/Desktop/image-voca-app/dataconnect`: lstat /Users/gimseoncheol/Desktop/image-voca-app/dataconnect: no such file or directory
E0310 00:33:32.393834    3724 watch.go:40] Failed to load config from "/Users/gimseoncheol/Desktop/image-voca-app/dataconnect": could not find dataconnect.yaml in `/Users/gimseoncheol/Desktop/image-voca-app/dataconnect`
 {"metadata":{"emulator":{"name":"dataconnect"},"message":"E0310 00:33:32.393810    3724 watch.go:116] watchAllDir unable to walk dir `/Users/gimseoncheol/Desktop/image-voca-app/dataconnect`: lstat /Users/gimseoncheol/Desktop/image-voca-app/dataconnect: no such file or directory\nE0310 00:33:32.393834    3724 watch.go:40] Failed to load config from \"/Users/gimseoncheol/Desktop/image-voca-app/dataconnect\": could not find dataconnect.yaml in `/Users/gimseoncheol/Desktop/image-voca-app/dataconnect`\n"}}
[debug] [2026-03-09T15:33:42.393Z] E0310 00:33:42.393806    3724 watch.go:40] Failed to load config from "/Users/gimseoncheol/Desktop/image-voca-app/dataconnect": could not find dataconnect.yaml in `/Users/gimseoncheol/Desktop/image-voca-app/dataconnect`
 {"metadata":{"emulator":{"name":"dataconnect"},"message":"E0310 00:33:42.393806    3724 watch.go:40] Failed to load config from \"/Users/gimseoncheol/Desktop/image-voca-app/dataconnect\": could not find dataconnect.yaml in `/Users/gimseoncheol/Desktop/image-voca-app/dataconnect`\n"}}
[debug] [2026-03-09T15:33:52.393Z] E0310 00:33:52.393772    3724 watch.go:40] Failed to load config from "/Users/gimseoncheol/Desktop/image-voca-app/dataconnect": could not find dataconnect.yaml in `/Users/gimseoncheol/Desktop/image-voca-app/dataconnect`
 {"metadata":{"emulator":{"name":"dataconnect"},"message":"E0310 00:33:52.393772    3724 watch.go:40] Failed to load config from \"/Users/gimseoncheol/Desktop/image-voca-app/dataconnect\": could not find dataconnect.yaml in `/Users/gimseoncheol/Desktop/image-voca-app/dataconnect`\n"}}
[debug] [2026-03-09T15:34:02.393Z] E0310 00:34:02.393749    3724 watch.go:40] Failed to load config from "/Users/gimseoncheol/Desktop/image-voca-app/dataconnect": could not find dataconnect.yaml in `/Users/gimseoncheol/Desktop/image-voca-app/dataconnect`
 {"metadata":{"emulator":{"name":"dataconnect"},"message":"E0310 00:34:02.393749    3724 watch.go:40] Failed to load config from \"/Users/gimseoncheol/Desktop/image-voca-app/dataconnect\": could not find dataconnect.yaml in `/Users/gimseoncheol/Desktop/image-voca-app/dataconnect`\n"}}
[debug] [2026-03-09T15:34:12.393Z] E0310 00:34:12.393746    3724 watch.go:40] Failed to load config from "/Users/gimseoncheol/Desktop/image-voca-app/dataconnect": could not find dataconnect.yaml in `/Users/gimseoncheol/Desktop/image-voca-app/dataconnect`
 {"metadata":{"emulator":{"name":"dataconnect"},"message":"E0310 00:34:12.393746    3724 watch.go:40] Failed to load config from \"/Users/gimseoncheol/Desktop/image-voca-app/dataconnect\": could not find dataconnect.yaml in `/Users/gimseoncheol/Desktop/image-voca-app/dataconnect`\n"}}
[debug] [2026-03-09T15:34:22.393Z] E0310 00:34:22.393693    3724 watch.go:40] Failed to load config from "/Users/gimseoncheol/Desktop/image-voca-app/dataconnect": could not find dataconnect.yaml in `/Users/gimseoncheol/Desktop/image-voca-app/dataconnect`
 {"metadata":{"emulator":{"name":"dataconnect"},"message":"E0310 00:34:22.393693    3724 watch.go:40] Failed to load config from \"/Users/gimseoncheol/Desktop/image-voca-app/dataconnect\": could not find dataconnect.yaml in `/Users/gimseoncheol/Desktop/image-voca-app/dataconnect`\n"}}
[debug] [2026-03-09T15:34:32.393Z] E0310 00:34:32.393671    3724 watch.go:116] watchAllDir unable to walk dir `/Users/gimseoncheol/Desktop/image-voca-app/dataconnect`: lstat /Users/gimseoncheol/Desktop/image-voca-app/dataconnect: no such file or directory
E0310 00:34:32.393685    3724 watch.go:40] Failed to load config from "/Users/gimseoncheol/Desktop/image-voca-app/dataconnect": could not find dataconnect.yaml in `/Users/gimseoncheol/Desktop/image-voca-app/dataconnect`
 {"metadata":{"emulator":{"name":"dataconnect"},"message":"E0310 00:34:32.393671    3724 watch.go:116] watchAllDir unable to walk dir `/Users/gimseoncheol/Desktop/image-voca-app/dataconnect`: lstat /Users/gimseoncheol/Desktop/image-voca-app/dataconnect: no such file or directory\nE0310 00:34:32.393685    3724 watch.go:40] Failed to load config from \"/Users/gimseoncheol/Desktop/image-voca-app/dataconnect\": could not find dataconnect.yaml in `/Users/gimseoncheol/Desktop/image-voca-app/dataconnect`\n"}}
[debug] [2026-03-09T15:34:42.393Z] E0310 00:34:42.393658    3724 watch.go:40] Failed to load config from "/Users/gimseoncheol/Desktop/image-voca-app/dataconnect": could not find dataconnect.yaml in `/Users/gimseoncheol/Desktop/image-voca-app/dataconnect`
 {"metadata":{"emulator":{"name":"dataconnect"},"message":"E0310 00:34:42.393658    3724 watch.go:40] Failed to load config from \"/Users/gimseoncheol/Desktop/image-voca-app/dataconnect\": could not find dataconnect.yaml in `/Users/gimseoncheol/Desktop/image-voca-app/dataconnect`\n"}}
[debug] [2026-03-09T15:34:52.393Z] E0310 00:34:52.393646    3724 watch.go:40] Failed to load config from "/Users/gimseoncheol/Desktop/image-voca-app/dataconnect": could not find dataconnect.yaml in `/Users/gimseoncheol/Desktop/image-voca-app/dataconnect`
 {"metadata":{"emulator":{"name":"dataconnect"},"message":"E0310 00:34:52.393646    3724 watch.go:40] Failed to load config from \"/Users/gimseoncheol/Desktop/image-voca-app/dataconnect\": could not find dataconnect.yaml in `/Users/gimseoncheol/Desktop/image-voca-app/dataconnect`\n"}}
[debug] [2026-03-09T15:35:02.393Z] E0310 00:35:02.393783    3724 watch.go:40] Failed to load config from "/Users/gimseoncheol/Desktop/image-voca-app/dataconnect": could not find dataconnect.yaml in `/Users/gimseoncheol/Desktop/image-voca-app/dataconnect`
 {"metadata":{"emulator":{"name":"dataconnect"},"message":"E0310 00:35:02.393783    3724 watch.go:40] Failed to load config from \"/Users/gimseoncheol/Desktop/image-voca-app/dataconnect\": could not find dataconnect.yaml in `/Users/gimseoncheol/Desktop/image-voca-app/dataconnect`\n"}}
[debug] [2026-03-09T15:35:12.393Z] E0310 00:35:12.393231    3724 watch.go:40] Failed to load config from "/Users/gimseoncheol/Desktop/image-voca-app/dataconnect": could not find dataconnect.yaml in `/Users/gimseoncheol/Desktop/image-voca-app/dataconnect`
 {"metadata":{"emulator":{"name":"dataconnect"},"message":"E0310 00:35:12.393231    3724 watch.go:40] Failed to load config from \"/Users/gimseoncheol/Desktop/image-voca-app/dataconnect\": could not find dataconnect.yaml in `/Users/gimseoncheol/Desktop/image-voca-app/dataconnect`\n"}}
[debug] [2026-03-09T15:35:22.393Z] E0310 00:35:22.393565    3724 watch.go:40] Failed to load config from "/Users/gimseoncheol/Desktop/image-voca-app/dataconnect": could not find dataconnect.yaml in `/Users/gimseoncheol/Desktop/image-voca-app/dataconnect`
 {"metadata":{"emulator":{"name":"dataconnect"},"message":"E0310 00:35:22.393565    3724 watch.go:40] Failed to load config from \"/Users/gimseoncheol/Desktop/image-voca-app/dataconnect\": could not find dataconnect.yaml in `/Users/gimseoncheol/Desktop/image-voca-app/dataconnect`\n"}}
[debug] [2026-03-09T15:35:32.393Z] E0310 00:35:32.393525    3724 watch.go:40] Failed to load config from "/Users/gimseoncheol/Desktop/image-voca-app/dataconnect": could not find dataconnect.yaml in `/Users/gimseoncheol/Desktop/image-voca-app/dataconnect`
E0310 00:35:32.393511    3724 watch.go:116] watchAllDir unable to walk dir `/Users/gimseoncheol/Desktop/image-voca-app/dataconnect`: lstat /Users/gimseoncheol/Desktop/image-voca-app/dataconnect: no such file or directory
 {"metadata":{"emulator":{"name":"dataconnect"},"message":"E0310 00:35:32.393525    3724 watch.go:40] Failed to load config from \"/Users/gimseoncheol/Desktop/image-voca-app/dataconnect\": could not find dataconnect.yaml in `/Users/gimseoncheol/Desktop/image-voca-app/dataconnect`\nE0310 00:35:32.393511    3724 watch.go:116] watchAllDir unable to walk dir `/Users/gimseoncheol/Desktop/image-voca-app/dataconnect`: lstat /Users/gimseoncheol/Desktop/image-voca-app/dataconnect: no such file or directory\n"}}
[debug] [2026-03-09T15:35:42.393Z] E0310 00:35:42.393519    3724 watch.go:40] Failed to load config from "/Users/gimseoncheol/Desktop/image-voca-app/dataconnect": could not find dataconnect.yaml in `/Users/gimseoncheol/Desktop/image-voca-app/dataconnect`
 {"metadata":{"emulator":{"name":"dataconnect"},"message":"E0310 00:35:42.393519    3724 watch.go:40] Failed to load config from \"/Users/gimseoncheol/Desktop/image-voca-app/dataconnect\": could not find dataconnect.yaml in `/Users/gimseoncheol/Desktop/image-voca-app/dataconnect`\n"}}
[debug] [2026-03-09T15:35:52.393Z] E0310 00:35:52.393512    3724 watch.go:40] Failed to load config from "/Users/gimseoncheol/Desktop/image-voca-app/dataconnect": could not find dataconnect.yaml in `/Users/gimseoncheol/Desktop/image-voca-app/dataconnect`
 {"metadata":{"emulator":{"name":"dataconnect"},"message":"E0310 00:35:52.393512    3724 watch.go:40] Failed to load config from \"/Users/gimseoncheol/Desktop/image-voca-app/dataconnect\": could not find dataconnect.yaml in `/Users/gimseoncheol/Desktop/image-voca-app/dataconnect`\n"}}
[debug] [2026-03-09T15:36:02.393Z] E0310 00:36:02.393479    3724 watch.go:40] Failed to load config from "/Users/gimseoncheol/Desktop/image-voca-app/dataconnect": could not find dataconnect.yaml in `/Users/gimseoncheol/Desktop/image-voca-app/dataconnect`
 {"metadata":{"emulator":{"name":"dataconnect"},"message":"E0310 00:36:02.393479    3724 watch.go:40] Failed to load config from \"/Users/gimseoncheol/Desktop/image-voca-app/dataconnect\": could not find dataconnect.yaml in `/Users/gimseoncheol/Desktop/image-voca-app/dataconnect`\n"}}
[debug] [2026-03-09T15:36:12.393Z] E0310 00:36:12.393443    3724 watch.go:40] Failed to load config from "/Users/gimseoncheol/Desktop/image-voca-app/dataconnect": could not find dataconnect.yaml in `/Users/gimseoncheol/Desktop/image-voca-app/dataconnect`
 {"metadata":{"emulator":{"name":"dataconnect"},"message":"E0310 00:36:12.393443    3724 watch.go:40] Failed to load config from \"/Users/gimseoncheol/Desktop/image-voca-app/dataconnect\": could not find dataconnect.yaml in `/Users/gimseoncheol/Desktop/image-voca-app/dataconnect`\n"}}
[debug] [2026-03-09T15:36:22.393Z] E0310 00:36:22.393415    3724 watch.go:40] Failed to load config from "/Users/gimseoncheol/Desktop/image-voca-app/dataconnect": could not find dataconnect.yaml in `/Users/gimseoncheol/Desktop/image-voca-app/dataconnect`
 {"metadata":{"emulator":{"name":"dataconnect"},"message":"E0310 00:36:22.393415    3724 watch.go:40] Failed to load config from \"/Users/gimseoncheol/Desktop/image-voca-app/dataconnect\": could not find dataconnect.yaml in `/Users/gimseoncheol/Desktop/image-voca-app/dataconnect`\n"}}
[debug] [2026-03-09T15:36:32.393Z] E0310 00:36:32.393355    3724 watch.go:116] watchAllDir unable to walk dir `/Users/gimseoncheol/Desktop/image-voca-app/dataconnect`: lstat /Users/gimseoncheol/Desktop/image-voca-app/dataconnect: no such file or directory
 {"metadata":{"emulator":{"name":"dataconnect"},"message":"E0310 00:36:32.393355    3724 watch.go:116] watchAllDir unable to walk dir `/Users/gimseoncheol/Desktop/image-voca-app/dataconnect`: lstat /Users/gimseoncheol/Desktop/image-voca-app/dataconnect: no such file or directory\n"}}
[debug] [2026-03-09T15:36:32.393Z] E0310 00:36:32.393410    3724 watch.go:40] Failed to load config from "/Users/gimseoncheol/Desktop/image-voca-app/dataconnect": could not find dataconnect.yaml in `/Users/gimseoncheol/Desktop/image-voca-app/dataconnect`
 {"metadata":{"emulator":{"name":"dataconnect"},"message":"E0310 00:36:32.393410    3724 watch.go:40] Failed to load config from \"/Users/gimseoncheol/Desktop/image-voca-app/dataconnect\": could not find dataconnect.yaml in `/Users/gimseoncheol/Desktop/image-voca-app/dataconnect`\n"}}
[debug] [2026-03-09T15:36:42.393Z] E0310 00:36:42.393352    3724 watch.go:40] Failed to load config from "/Users/gimseoncheol/Desktop/image-voca-app/dataconnect": could not find dataconnect.yaml in `/Users/gimseoncheol/Desktop/image-voca-app/dataconnect`
 {"metadata":{"emulator":{"name":"dataconnect"},"message":"E0310 00:36:42.393352    3724 watch.go:40] Failed to load config from \"/Users/gimseoncheol/Desktop/image-voca-app/dataconnect\": could not find dataconnect.yaml in `/Users/gimseoncheol/Desktop/image-voca-app/dataconnect`\n"}}
[debug] [2026-03-09T15:36:52.393Z] E0310 00:36:52.393348    3724 watch.go:40] Failed to load config from "/Users/gimseoncheol/Desktop/image-voca-app/dataconnect": could not find dataconnect.yaml in `/Users/gimseoncheol/Desktop/image-voca-app/dataconnect`
 {"metadata":{"emulator":{"name":"dataconnect"},"message":"E0310 00:36:52.393348    3724 watch.go:40] Failed to load config from \"/Users/gimseoncheol/Desktop/image-voca-app/dataconnect\": could not find dataconnect.yaml in `/Users/gimseoncheol/Desktop/image-voca-app/dataconnect`\n"}}
[debug] [2026-03-09T15:37:02.393Z] E0310 00:37:02.393341    3724 watch.go:40] Failed to load config from "/Users/gimseoncheol/Desktop/image-voca-app/dataconnect": could not find dataconnect.yaml in `/Users/gimseoncheol/Desktop/image-voca-app/dataconnect`
 {"metadata":{"emulator":{"name":"dataconnect"},"message":"E0310 00:37:02.393341    3724 watch.go:40] Failed to load config from \"/Users/gimseoncheol/Desktop/image-voca-app/dataconnect\": could not find dataconnect.yaml in `/Users/gimseoncheol/Desktop/image-voca-app/dataconnect`\n"}}
[debug] [2026-03-09T15:37:12.393Z] E0310 00:37:12.393689    3724 watch.go:40] Failed to load config from "/Users/gimseoncheol/Desktop/image-voca-app/dataconnect": could not find dataconnect.yaml in `/Users/gimseoncheol/Desktop/image-voca-app/dataconnect`
 {"metadata":{"emulator":{"name":"dataconnect"},"message":"E0310 00:37:12.393689    3724 watch.go:40] Failed to load config from \"/Users/gimseoncheol/Desktop/image-voca-app/dataconnect\": could not find dataconnect.yaml in `/Users/gimseoncheol/Desktop/image-voca-app/dataconnect`\n"}}
[debug] [2026-03-09T15:37:22.393Z] E0310 00:37:22.393621    3724 watch.go:40] Failed to load config from "/Users/gimseoncheol/Desktop/image-voca-app/dataconnect": could not find dataconnect.yaml in `/Users/gimseoncheol/Desktop/image-voca-app/dataconnect`
 {"metadata":{"emulator":{"name":"dataconnect"},"message":"E0310 00:37:22.393621    3724 watch.go:40] Failed to load config from \"/Users/gimseoncheol/Desktop/image-voca-app/dataconnect\": could not find dataconnect.yaml in `/Users/gimseoncheol/Desktop/image-voca-app/dataconnect`\n"}}
[debug] [2026-03-09T15:37:32.393Z] E0310 00:37:32.393259    3724 watch.go:40] Failed to load config from "/Users/gimseoncheol/Desktop/image-voca-app/dataconnect": could not find dataconnect.yaml in `/Users/gimseoncheol/Desktop/image-voca-app/dataconnect`
E0310 00:37:32.393245    3724 watch.go:116] watchAllDir unable to walk dir `/Users/gimseoncheol/Desktop/image-voca-app/dataconnect`: lstat /Users/gimseoncheol/Desktop/image-voca-app/dataconnect: no such file or directory
 {"metadata":{"emulator":{"name":"dataconnect"},"message":"E0310 00:37:32.393259    3724 watch.go:40] Failed to load config from \"/Users/gimseoncheol/Desktop/image-voca-app/dataconnect\": could not find dataconnect.yaml in `/Users/gimseoncheol/Desktop/image-voca-app/dataconnect`\nE0310 00:37:32.393245    3724 watch.go:116] watchAllDir unable to walk dir `/Users/gimseoncheol/Desktop/image-voca-app/dataconnect`: lstat /Users/gimseoncheol/Desktop/image-voca-app/dataconnect: no such file or directory\n"}}
[debug] [2026-03-09T15:37:42.393Z] E0310 00:37:42.393268    3724 watch.go:40] Failed to load config from "/Users/gimseoncheol/Desktop/image-voca-app/dataconnect": could not find dataconnect.yaml in `/Users/gimseoncheol/Desktop/image-voca-app/dataconnect`
 {"metadata":{"emulator":{"name":"dataconnect"},"message":"E0310 00:37:42.393268    3724 watch.go:40] Failed to load config from \"/Users/gimseoncheol/Desktop/image-voca-app/dataconnect\": could not find dataconnect.yaml in `/Users/gimseoncheol/Desktop/image-voca-app/dataconnect`\n"}}
[debug] [2026-03-09T15:37:52.392Z] E0310 00:37:52.392496    3724 watch.go:40] Failed to load config from "/Users/gimseoncheol/Desktop/image-voca-app/dataconnect": could not find dataconnect.yaml in `/Users/gimseoncheol/Desktop/image-voca-app/dataconnect`
 {"metadata":{"emulator":{"name":"dataconnect"},"message":"E0310 00:37:52.392496    3724 watch.go:40] Failed to load config from \"/Users/gimseoncheol/Desktop/image-voca-app/dataconnect\": could not find dataconnect.yaml in `/Users/gimseoncheol/Desktop/image-voca-app/dataconnect`\n"}}
[debug] [2026-03-09T15:38:02.392Z] E0310 00:38:02.392444    3724 watch.go:40] Failed to load config from "/Users/gimseoncheol/Desktop/image-voca-app/dataconnect": could not find dataconnect.yaml in `/Users/gimseoncheol/Desktop/image-voca-app/dataconnect`
 {"metadata":{"emulator":{"name":"dataconnect"},"message":"E0310 00:38:02.392444    3724 watch.go:40] Failed to load config from \"/Users/gimseoncheol/Desktop/image-voca-app/dataconnect\": could not find dataconnect.yaml in `/Users/gimseoncheol/Desktop/image-voca-app/dataconnect`\n"}}
[debug] [2026-03-09T15:38:12.393Z] E0310 00:38:12.393179    3724 watch.go:40] Failed to load config from "/Users/gimseoncheol/Desktop/image-voca-app/dataconnect": could not find dataconnect.yaml in `/Users/gimseoncheol/Desktop/image-voca-app/dataconnect`
 {"metadata":{"emulator":{"name":"dataconnect"},"message":"E0310 00:38:12.393179    3724 watch.go:40] Failed to load config from \"/Users/gimseoncheol/Desktop/image-voca-app/dataconnect\": could not find dataconnect.yaml in `/Users/gimseoncheol/Desktop/image-voca-app/dataconnect`\n"}}
[debug] [2026-03-09T15:38:22.393Z] E0310 00:38:22.393163    3724 watch.go:40] Failed to load config from "/Users/gimseoncheol/Desktop/image-voca-app/dataconnect": could not find dataconnect.yaml in `/Users/gimseoncheol/Desktop/image-voca-app/dataconnect`
 {"metadata":{"emulator":{"name":"dataconnect"},"message":"E0310 00:38:22.393163    3724 watch.go:40] Failed to load config from \"/Users/gimseoncheol/Desktop/image-voca-app/dataconnect\": could not find dataconnect.yaml in `/Users/gimseoncheol/Desktop/image-voca-app/dataconnect`\n"}}
[debug] [2026-03-09T15:38:32.393Z] E0310 00:38:32.393116    3724 watch.go:116] watchAllDir unable to walk dir `/Users/gimseoncheol/Desktop/image-voca-app/dataconnect`: lstat /Users/gimseoncheol/Desktop/image-voca-app/dataconnect: no such file or directory
E0310 00:38:32.393131    3724 watch.go:40] Failed to load config from "/Users/gimseoncheol/Desktop/image-voca-app/dataconnect": could not find dataconnect.yaml in `/Users/gimseoncheol/Desktop/image-voca-app/dataconnect`
 {"metadata":{"emulator":{"name":"dataconnect"},"message":"E0310 00:38:32.393116    3724 watch.go:116] watchAllDir unable to walk dir `/Users/gimseoncheol/Desktop/image-voca-app/dataconnect`: lstat /Users/gimseoncheol/Desktop/image-voca-app/dataconnect: no such file or directory\nE0310 00:38:32.393131    3724 watch.go:40] Failed to load config from \"/Users/gimseoncheol/Desktop/image-voca-app/dataconnect\": could not find dataconnect.yaml in `/Users/gimseoncheol/Desktop/image-voca-app/dataconnect`\n"}}
[debug] [2026-03-09T15:38:42.393Z] E0310 00:38:42.393086    3724 watch.go:40] Failed to load config from "/Users/gimseoncheol/Desktop/image-voca-app/dataconnect": could not find dataconnect.yaml in `/Users/gimseoncheol/Desktop/image-voca-app/dataconnect`
 {"metadata":{"emulator":{"name":"dataconnect"},"message":"E0310 00:38:42.393086    3724 watch.go:40] Failed to load config from \"/Users/gimseoncheol/Desktop/image-voca-app/dataconnect\": could not find dataconnect.yaml in `/Users/gimseoncheol/Desktop/image-voca-app/dataconnect`\n"}}
[debug] [2026-03-09T15:38:52.393Z] E0310 00:38:52.393095    3724 watch.go:40] Failed to load config from "/Users/gimseoncheol/Desktop/image-voca-app/dataconnect": could not find dataconnect.yaml in `/Users/gimseoncheol/Desktop/image-voca-app/dataconnect`
 {"metadata":{"emulator":{"name":"dataconnect"},"message":"E0310 00:38:52.393095    3724 watch.go:40] Failed to load config from \"/Users/gimseoncheol/Desktop/image-voca-app/dataconnect\": could not find dataconnect.yaml in `/Users/gimseoncheol/Desktop/image-voca-app/dataconnect`\n"}}
[debug] [2026-03-09T15:39:02.393Z] E0310 00:39:02.393041    3724 watch.go:40] Failed to load config from "/Users/gimseoncheol/Desktop/image-voca-app/dataconnect": could not find dataconnect.yaml in `/Users/gimseoncheol/Desktop/image-voca-app/dataconnect`
 {"metadata":{"emulator":{"name":"dataconnect"},"message":"E0310 00:39:02.393041    3724 watch.go:40] Failed to load config from \"/Users/gimseoncheol/Desktop/image-voca-app/dataconnect\": could not find dataconnect.yaml in `/Users/gimseoncheol/Desktop/image-voca-app/dataconnect`\n"}}
[debug] [2026-03-09T15:39:12.393Z] E0310 00:39:12.393045    3724 watch.go:40] Failed to load config from "/Users/gimseoncheol/Desktop/image-voca-app/dataconnect": could not find dataconnect.yaml in `/Users/gimseoncheol/Desktop/image-voca-app/dataconnect`
 {"metadata":{"emulator":{"name":"dataconnect"},"message":"E0310 00:39:12.393045    3724 watch.go:40] Failed to load config from \"/Users/gimseoncheol/Desktop/image-voca-app/dataconnect\": could not find dataconnect.yaml in `/Users/gimseoncheol/Desktop/image-voca-app/dataconnect`\n"}}
[debug] [2026-03-09T15:39:22.393Z] E0310 00:39:22.393265    3724 watch.go:40] Failed to load config from "/Users/gimseoncheol/Desktop/image-voca-app/dataconnect": could not find dataconnect.yaml in `/Users/gimseoncheol/Desktop/image-voca-app/dataconnect`
 {"metadata":{"emulator":{"name":"dataconnect"},"message":"E0310 00:39:22.393265    3724 watch.go:40] Failed to load config from \"/Users/gimseoncheol/Desktop/image-voca-app/dataconnect\": could not find dataconnect.yaml in `/Users/gimseoncheol/Desktop/image-voca-app/dataconnect`\n"}}
[debug] [2026-03-09T15:39:32.393Z] E0310 00:39:32.392995    3724 watch.go:116] watchAllDir unable to walk dir `/Users/gimseoncheol/Desktop/image-voca-app/dataconnect`: lstat /Users/gimseoncheol/Desktop/image-voca-app/dataconnect: no such file or directory
E0310 00:39:32.393018    3724 watch.go:40] Failed to load config from "/Users/gimseoncheol/Desktop/image-voca-app/dataconnect": could not find dataconnect.yaml in `/Users/gimseoncheol/Desktop/image-voca-app/dataconnect`
 {"metadata":{"emulator":{"name":"dataconnect"},"message":"E0310 00:39:32.392995    3724 watch.go:116] watchAllDir unable to walk dir `/Users/gimseoncheol/Desktop/image-voca-app/dataconnect`: lstat /Users/gimseoncheol/Desktop/image-voca-app/dataconnect: no such file or directory\nE0310 00:39:32.393018    3724 watch.go:40] Failed to load config from \"/Users/gimseoncheol/Desktop/image-voca-app/dataconnect\": could not find dataconnect.yaml in `/Users/gimseoncheol/Desktop/image-voca-app/dataconnect`\n"}}
[debug] [2026-03-09T15:39:42.393Z] E0310 00:39:42.392944    3724 watch.go:40] Failed to load config from "/Users/gimseoncheol/Desktop/image-voca-app/dataconnect": could not find dataconnect.yaml in `/Users/gimseoncheol/Desktop/image-voca-app/dataconnect`
 {"metadata":{"emulator":{"name":"dataconnect"},"message":"E0310 00:39:42.392944    3724 watch.go:40] Failed to load config from \"/Users/gimseoncheol/Desktop/image-voca-app/dataconnect\": could not find dataconnect.yaml in `/Users/gimseoncheol/Desktop/image-voca-app/dataconnect`\n"}}
[debug] [2026-03-09T15:39:52.393Z] E0310 00:39:52.392944    3724 watch.go:40] Failed to load config from "/Users/gimseoncheol/Desktop/image-voca-app/dataconnect": could not find dataconnect.yaml in `/Users/gimseoncheol/Desktop/image-voca-app/dataconnect`
 {"metadata":{"emulator":{"name":"dataconnect"},"message":"E0310 00:39:52.392944    3724 watch.go:40] Failed to load config from \"/Users/gimseoncheol/Desktop/image-voca-app/dataconnect\": could not find dataconnect.yaml in `/Users/gimseoncheol/Desktop/image-voca-app/dataconnect`\n"}}
[debug] [2026-03-09T15:40:02.393Z] E0310 00:40:02.392906    3724 watch.go:40] Failed to load config from "/Users/gimseoncheol/Desktop/image-voca-app/dataconnect": could not find dataconnect.yaml in `/Users/gimseoncheol/Desktop/image-voca-app/dataconnect`
 {"metadata":{"emulator":{"name":"dataconnect"},"message":"E0310 00:40:02.392906    3724 watch.go:40] Failed to load config from \"/Users/gimseoncheol/Desktop/image-voca-app/dataconnect\": could not find dataconnect.yaml in `/Users/gimseoncheol/Desktop/image-voca-app/dataconnect`\n"}}
[debug] [2026-03-09T15:40:12.393Z] E0310 00:40:12.392884    3724 watch.go:40] Failed to load config from "/Users/gimseoncheol/Desktop/image-voca-app/dataconnect": could not find dataconnect.yaml in `/Users/gimseoncheol/Desktop/image-voca-app/dataconnect`
 {"metadata":{"emulator":{"name":"dataconnect"},"message":"E0310 00:40:12.392884    3724 watch.go:40] Failed to load config from \"/Users/gimseoncheol/Desktop/image-voca-app/dataconnect\": could not find dataconnect.yaml in `/Users/gimseoncheol/Desktop/image-voca-app/dataconnect`\n"}}
[debug] [2026-03-09T15:40:22.392Z] E0310 00:40:22.392872    3724 watch.go:40] Failed to load config from "/Users/gimseoncheol/Desktop/image-voca-app/dataconnect": could not find dataconnect.yaml in `/Users/gimseoncheol/Desktop/image-voca-app/dataconnect`
 {"metadata":{"emulator":{"name":"dataconnect"},"message":"E0310 00:40:22.392872    3724 watch.go:40] Failed to load config from \"/Users/gimseoncheol/Desktop/image-voca-app/dataconnect\": could not find dataconnect.yaml in `/Users/gimseoncheol/Desktop/image-voca-app/dataconnect`\n"}}
[debug] [2026-03-09T15:40:32.392Z] E0310 00:40:32.392630    3724 watch.go:116] watchAllDir unable to walk dir `/Users/gimseoncheol/Desktop/image-voca-app/dataconnect`: lstat /Users/gimseoncheol/Desktop/image-voca-app/dataconnect: no such file or directory
E0310 00:40:32.392648    3724 watch.go:40] Failed to load config from "/Users/gimseoncheol/Desktop/image-voca-app/dataconnect": could not find dataconnect.yaml in `/Users/gimseoncheol/Desktop/image-voca-app/dataconnect`
 {"metadata":{"emulator":{"name":"dataconnect"},"message":"E0310 00:40:32.392630    3724 watch.go:116] watchAllDir unable to walk dir `/Users/gimseoncheol/Desktop/image-voca-app/dataconnect`: lstat /Users/gimseoncheol/Desktop/image-voca-app/dataconnect: no such file or directory\nE0310 00:40:32.392648    3724 watch.go:40] Failed to load config from \"/Users/gimseoncheol/Desktop/image-voca-app/dataconnect\": could not find dataconnect.yaml in `/Users/gimseoncheol/Desktop/image-voca-app/dataconnect`\n"}}
[debug] [2026-03-09T15:40:42.392Z] E0310 00:40:42.392812    3724 watch.go:40] Failed to load config from "/Users/gimseoncheol/Desktop/image-voca-app/dataconnect": could not find dataconnect.yaml in `/Users/gimseoncheol/Desktop/image-voca-app/dataconnect`
 {"metadata":{"emulator":{"name":"dataconnect"},"message":"E0310 00:40:42.392812    3724 watch.go:40] Failed to load config from \"/Users/gimseoncheol/Desktop/image-voca-app/dataconnect\": could not find dataconnect.yaml in `/Users/gimseoncheol/Desktop/image-voca-app/dataconnect`\n"}}
[debug] [2026-03-09T15:40:52.392Z] E0310 00:40:52.392795    3724 watch.go:40] Failed to load config from "/Users/gimseoncheol/Desktop/image-voca-app/dataconnect": could not find dataconnect.yaml in `/Users/gimseoncheol/Desktop/image-voca-app/dataconnect`
 {"metadata":{"emulator":{"name":"dataconnect"},"message":"E0310 00:40:52.392795    3724 watch.go:40] Failed to load config from \"/Users/gimseoncheol/Desktop/image-voca-app/dataconnect\": could not find dataconnect.yaml in `/Users/gimseoncheol/Desktop/image-voca-app/dataconnect`\n"}}
[debug] [2026-03-09T15:41:02.392Z] E0310 00:41:02.392738    3724 watch.go:40] Failed to load config from "/Users/gimseoncheol/Desktop/image-voca-app/dataconnect": could not find dataconnect.yaml in `/Users/gimseoncheol/Desktop/image-voca-app/dataconnect`
 {"metadata":{"emulator":{"name":"dataconnect"},"message":"E0310 00:41:02.392738    3724 watch.go:40] Failed to load config from \"/Users/gimseoncheol/Desktop/image-voca-app/dataconnect\": could not find dataconnect.yaml in `/Users/gimseoncheol/Desktop/image-voca-app/dataconnect`\n"}}
[debug] [2026-03-09T15:41:12.392Z] E0310 00:41:12.392779    3724 watch.go:40] Failed to load config from "/Users/gimseoncheol/Desktop/image-voca-app/dataconnect": could not find dataconnect.yaml in `/Users/gimseoncheol/Desktop/image-voca-app/dataconnect`
 {"metadata":{"emulator":{"name":"dataconnect"},"message":"E0310 00:41:12.392779    3724 watch.go:40] Failed to load config from \"/Users/gimseoncheol/Desktop/image-voca-app/dataconnect\": could not find dataconnect.yaml in `/Users/gimseoncheol/Desktop/image-voca-app/dataconnect`\n"}}
[debug] [2026-03-09T15:41:22.392Z] E0310 00:41:22.392734    3724 watch.go:40] Failed to load config from "/Users/gimseoncheol/Desktop/image-voca-app/dataconnect": could not find dataconnect.yaml in `/Users/gimseoncheol/Desktop/image-voca-app/dataconnect`
 {"metadata":{"emulator":{"name":"dataconnect"},"message":"E0310 00:41:22.392734    3724 watch.go:40] Failed to load config from \"/Users/gimseoncheol/Desktop/image-voca-app/dataconnect\": could not find dataconnect.yaml in `/Users/gimseoncheol/Desktop/image-voca-app/dataconnect`\n"}}
[debug] [2026-03-09T15:41:32.392Z] E0310 00:41:32.392708    3724 watch.go:116] watchAllDir unable to walk dir `/Users/gimseoncheol/Desktop/image-voca-app/dataconnect`: lstat /Users/gimseoncheol/Desktop/image-voca-app/dataconnect: no such file or directory
E0310 00:41:32.392739    3724 watch.go:40] Failed to load config from "/Users/gimseoncheol/Desktop/image-voca-app/dataconnect": could not find dataconnect.yaml in `/Users/gimseoncheol/Desktop/image-voca-app/dataconnect`
 {"metadata":{"emulator":{"name":"dataconnect"},"message":"E0310 00:41:32.392708    3724 watch.go:116] watchAllDir unable to walk dir `/Users/gimseoncheol/Desktop/image-voca-app/dataconnect`: lstat /Users/gimseoncheol/Desktop/image-voca-app/dataconnect: no such file or directory\nE0310 00:41:32.392739    3724 watch.go:40] Failed to load config from \"/Users/gimseoncheol/Desktop/image-voca-app/dataconnect\": could not find dataconnect.yaml in `/Users/gimseoncheol/Desktop/image-voca-app/dataconnect`\n"}}
[debug] [2026-03-09T15:41:42.392Z] E0310 00:41:42.392696    3724 watch.go:40] Failed to load config from "/Users/gimseoncheol/Desktop/image-voca-app/dataconnect": could not find dataconnect.yaml in `/Users/gimseoncheol/Desktop/image-voca-app/dataconnect`
 {"metadata":{"emulator":{"name":"dataconnect"},"message":"E0310 00:41:42.392696    3724 watch.go:40] Failed to load config from \"/Users/gimseoncheol/Desktop/image-voca-app/dataconnect\": could not find dataconnect.yaml in `/Users/gimseoncheol/Desktop/image-voca-app/dataconnect`\n"}}
[debug] [2026-03-09T15:41:52.392Z] E0310 00:41:52.392700    3724 watch.go:40] Failed to load config from "/Users/gimseoncheol/Desktop/image-voca-app/dataconnect": could not find dataconnect.yaml in `/Users/gimseoncheol/Desktop/image-voca-app/dataconnect`
 {"metadata":{"emulator":{"name":"dataconnect"},"message":"E0310 00:41:52.392700    3724 watch.go:40] Failed to load config from \"/Users/gimseoncheol/Desktop/image-voca-app/dataconnect\": could not find dataconnect.yaml in `/Users/gimseoncheol/Desktop/image-voca-app/dataconnect`\n"}}
[debug] [2026-03-09T15:42:02.399Z] E0310 00:42:02.398205    3724 watch.go:40] Failed to load config from "/Users/gimseoncheol/Desktop/image-voca-app/dataconnect": could not find dataconnect.yaml in `/Users/gimseoncheol/Desktop/image-voca-app/dataconnect`
 {"metadata":{"emulator":{"name":"dataconnect"},"message":"E0310 00:42:02.398205    3724 watch.go:40] Failed to load config from \"/Users/gimseoncheol/Desktop/image-voca-app/dataconnect\": could not find dataconnect.yaml in `/Users/gimseoncheol/Desktop/image-voca-app/dataconnect`\n"}}
[debug] [2026-03-09T15:42:12.392Z] E0310 00:42:12.392601    3724 watch.go:40] Failed to load config from "/Users/gimseoncheol/Desktop/image-voca-app/dataconnect": could not find dataconnect.yaml in `/Users/gimseoncheol/Desktop/image-voca-app/dataconnect`
 {"metadata":{"emulator":{"name":"dataconnect"},"message":"E0310 00:42:12.392601    3724 watch.go:40] Failed to load config from \"/Users/gimseoncheol/Desktop/image-voca-app/dataconnect\": could not find dataconnect.yaml in `/Users/gimseoncheol/Desktop/image-voca-app/dataconnect`\n"}}
[debug] [2026-03-09T15:42:22.392Z] E0310 00:42:22.392691    3724 watch.go:40] Failed to load config from "/Users/gimseoncheol/Desktop/image-voca-app/dataconnect": could not find dataconnect.yaml in `/Users/gimseoncheol/Desktop/image-voca-app/dataconnect`
 {"metadata":{"emulator":{"name":"dataconnect"},"message":"E0310 00:42:22.392691    3724 watch.go:40] Failed to load config from \"/Users/gimseoncheol/Desktop/image-voca-app/dataconnect\": could not find dataconnect.yaml in `/Users/gimseoncheol/Desktop/image-voca-app/dataconnect`\n"}}
[debug] [2026-03-09T15:42:32.392Z] E0310 00:42:32.392618    3724 watch.go:40] Failed to load config from "/Users/gimseoncheol/Desktop/image-voca-app/dataconnect": could not find dataconnect.yaml in `/Users/gimseoncheol/Desktop/image-voca-app/dataconnect`
E0310 00:42:32.392588    3724 watch.go:116] watchAllDir unable to walk dir `/Users/gimseoncheol/Desktop/image-voca-app/dataconnect`: lstat /Users/gimseoncheol/Desktop/image-voca-app/dataconnect: no such file or directory
 {"metadata":{"emulator":{"name":"dataconnect"},"message":"E0310 00:42:32.392618    3724 watch.go:40] Failed to load config from \"/Users/gimseoncheol/Desktop/image-voca-app/dataconnect\": could not find dataconnect.yaml in `/Users/gimseoncheol/Desktop/image-voca-app/dataconnect`\nE0310 00:42:32.392588    3724 watch.go:116] watchAllDir unable to walk dir `/Users/gimseoncheol/Desktop/image-voca-app/dataconnect`: lstat /Users/gimseoncheol/Desktop/image-voca-app/dataconnect: no such file or directory\n"}}
[debug] [2026-03-09T15:42:42.392Z] E0310 00:42:42.392526    3724 watch.go:40] Failed to load config from "/Users/gimseoncheol/Desktop/image-voca-app/dataconnect": could not find dataconnect.yaml in `/Users/gimseoncheol/Desktop/image-voca-app/dataconnect`
 {"metadata":{"emulator":{"name":"dataconnect"},"message":"E0310 00:42:42.392526    3724 watch.go:40] Failed to load config from \"/Users/gimseoncheol/Desktop/image-voca-app/dataconnect\": could not find dataconnect.yaml in `/Users/gimseoncheol/Desktop/image-voca-app/dataconnect`\n"}}
[debug] [2026-03-09T15:42:52.392Z] E0310 00:42:52.392451    3724 watch.go:40] Failed to load config from "/Users/gimseoncheol/Desktop/image-voca-app/dataconnect": could not find dataconnect.yaml in `/Users/gimseoncheol/Desktop/image-voca-app/dataconnect`
 {"metadata":{"emulator":{"name":"dataconnect"},"message":"E0310 00:42:52.392451    3724 watch.go:40] Failed to load config from \"/Users/gimseoncheol/Desktop/image-voca-app/dataconnect\": could not find dataconnect.yaml in `/Users/gimseoncheol/Desktop/image-voca-app/dataconnect`\n"}}
[debug] [2026-03-09T15:43:02.392Z] E0310 00:43:02.392549    3724 watch.go:40] Failed to load config from "/Users/gimseoncheol/Desktop/image-voca-app/dataconnect": could not find dataconnect.yaml in `/Users/gimseoncheol/Desktop/image-voca-app/dataconnect`
 {"metadata":{"emulator":{"name":"dataconnect"},"message":"E0310 00:43:02.392549    3724 watch.go:40] Failed to load config from \"/Users/gimseoncheol/Desktop/image-voca-app/dataconnect\": could not find dataconnect.yaml in `/Users/gimseoncheol/Desktop/image-voca-app/dataconnect`\n"}}
[debug] [2026-03-09T15:43:12.392Z] E0310 00:43:12.392548    3724 watch.go:40] Failed to load config from "/Users/gimseoncheol/Desktop/image-voca-app/dataconnect": could not find dataconnect.yaml in `/Users/gimseoncheol/Desktop/image-voca-app/dataconnect`
 {"metadata":{"emulator":{"name":"dataconnect"},"message":"E0310 00:43:12.392548    3724 watch.go:40] Failed to load config from \"/Users/gimseoncheol/Desktop/image-voca-app/dataconnect\": could not find dataconnect.yaml in `/Users/gimseoncheol/Desktop/image-voca-app/dataconnect`\n"}}
[debug] [2026-03-09T15:43:22.392Z] E0310 00:43:22.392430    3724 watch.go:40] Failed to load config from "/Users/gimseoncheol/Desktop/image-voca-app/dataconnect": could not find dataconnect.yaml in `/Users/gimseoncheol/Desktop/image-voca-app/dataconnect`
 {"metadata":{"emulator":{"name":"dataconnect"},"message":"E0310 00:43:22.392430    3724 watch.go:40] Failed to load config from \"/Users/gimseoncheol/Desktop/image-voca-app/dataconnect\": could not find dataconnect.yaml in `/Users/gimseoncheol/Desktop/image-voca-app/dataconnect`\n"}}
[debug] [2026-03-09T15:43:32.392Z] E0310 00:43:32.392435    3724 watch.go:116] watchAllDir unable to walk dir `/Users/gimseoncheol/Desktop/image-voca-app/dataconnect`: lstat /Users/gimseoncheol/Desktop/image-voca-app/dataconnect: no such file or directory
 {"metadata":{"emulator":{"name":"dataconnect"},"message":"E0310 00:43:32.392435    3724 watch.go:116] watchAllDir unable to walk dir `/Users/gimseoncheol/Desktop/image-voca-app/dataconnect`: lstat /Users/gimseoncheol/Desktop/image-voca-app/dataconnect: no such file or directory\n"}}
[debug] [2026-03-09T15:43:32.393Z] E0310 00:43:32.393387    3724 watch.go:40] Failed to load config from "/Users/gimseoncheol/Desktop/image-voca-app/dataconnect": could not find dataconnect.yaml in `/Users/gimseoncheol/Desktop/image-voca-app/dataconnect`
 {"metadata":{"emulator":{"name":"dataconnect"},"message":"E0310 00:43:32.393387    3724 watch.go:40] Failed to load config from \"/Users/gimseoncheol/Desktop/image-voca-app/dataconnect\": could not find dataconnect.yaml in `/Users/gimseoncheol/Desktop/image-voca-app/dataconnect`\n"}}
[debug] [2026-03-09T15:43:42.392Z] E0310 00:43:42.392445    3724 watch.go:40] Failed to load config from "/Users/gimseoncheol/Desktop/image-voca-app/dataconnect": could not find dataconnect.yaml in `/Users/gimseoncheol/Desktop/image-voca-app/dataconnect`
 {"metadata":{"emulator":{"name":"dataconnect"},"message":"E0310 00:43:42.392445    3724 watch.go:40] Failed to load config from \"/Users/gimseoncheol/Desktop/image-voca-app/dataconnect\": could not find dataconnect.yaml in `/Users/gimseoncheol/Desktop/image-voca-app/dataconnect`\n"}}
[debug] [2026-03-09T15:43:52.392Z] E0310 00:43:52.392398    3724 watch.go:40] Failed to load config from "/Users/gimseoncheol/Desktop/image-voca-app/dataconnect": could not find dataconnect.yaml in `/Users/gimseoncheol/Desktop/image-voca-app/dataconnect`
 {"metadata":{"emulator":{"name":"dataconnect"},"message":"E0310 00:43:52.392398    3724 watch.go:40] Failed to load config from \"/Users/gimseoncheol/Desktop/image-voca-app/dataconnect\": could not find dataconnect.yaml in `/Users/gimseoncheol/Desktop/image-voca-app/dataconnect`\n"}}
[debug] [2026-03-09T15:44:02.392Z] E0310 00:44:02.392355    3724 watch.go:40] Failed to load config from "/Users/gimseoncheol/Desktop/image-voca-app/dataconnect": could not find dataconnect.yaml in `/Users/gimseoncheol/Desktop/image-voca-app/dataconnect`
 {"metadata":{"emulator":{"name":"dataconnect"},"message":"E0310 00:44:02.392355    3724 watch.go:40] Failed to load config from \"/Users/gimseoncheol/Desktop/image-voca-app/dataconnect\": could not find dataconnect.yaml in `/Users/gimseoncheol/Desktop/image-voca-app/dataconnect`\n"}}
[debug] [2026-03-09T15:44:12.392Z] E0310 00:44:12.392370    3724 watch.go:40] Failed to load config from "/Users/gimseoncheol/Desktop/image-voca-app/dataconnect": could not find dataconnect.yaml in `/Users/gimseoncheol/Desktop/image-voca-app/dataconnect`
 {"metadata":{"emulator":{"name":"dataconnect"},"message":"E0310 00:44:12.392370    3724 watch.go:40] Failed to load config from \"/Users/gimseoncheol/Desktop/image-voca-app/dataconnect\": could not find dataconnect.yaml in `/Users/gimseoncheol/Desktop/image-voca-app/dataconnect`\n"}}
[debug] [2026-03-09T15:44:22.392Z] E0310 00:44:22.392631    3724 watch.go:40] Failed to load config from "/Users/gimseoncheol/Desktop/image-voca-app/dataconnect": could not find dataconnect.yaml in `/Users/gimseoncheol/Desktop/image-voca-app/dataconnect`
 {"metadata":{"emulator":{"name":"dataconnect"},"message":"E0310 00:44:22.392631    3724 watch.go:40] Failed to load config from \"/Users/gimseoncheol/Desktop/image-voca-app/dataconnect\": could not find dataconnect.yaml in `/Users/gimseoncheol/Desktop/image-voca-app/dataconnect`\n"}}
[debug] [2026-03-09T15:44:32.391Z] E0310 00:44:32.391392    3724 watch.go:116] watchAllDir unable to walk dir `/Users/gimseoncheol/Desktop/image-voca-app/dataconnect`: lstat /Users/gimseoncheol/Desktop/image-voca-app/dataconnect: no such file or directory
E0310 00:44:32.391420    3724 watch.go:40] Failed to load config from "/Users/gimseoncheol/Desktop/image-voca-app/dataconnect": could not find dataconnect.yaml in `/Users/gimseoncheol/Desktop/image-voca-app/dataconnect`
 {"metadata":{"emulator":{"name":"dataconnect"},"message":"E0310 00:44:32.391392    3724 watch.go:116] watchAllDir unable to walk dir `/Users/gimseoncheol/Desktop/image-voca-app/dataconnect`: lstat /Users/gimseoncheol/Desktop/image-voca-app/dataconnect: no such file or directory\nE0310 00:44:32.391420    3724 watch.go:40] Failed to load config from \"/Users/gimseoncheol/Desktop/image-voca-app/dataconnect\": could not find dataconnect.yaml in `/Users/gimseoncheol/Desktop/image-voca-app/dataconnect`\n"}}
[debug] [2026-03-09T15:44:42.392Z] E0310 00:44:42.392310    3724 watch.go:40] Failed to load config from "/Users/gimseoncheol/Desktop/image-voca-app/dataconnect": could not find dataconnect.yaml in `/Users/gimseoncheol/Desktop/image-voca-app/dataconnect`
 {"metadata":{"emulator":{"name":"dataconnect"},"message":"E0310 00:44:42.392310    3724 watch.go:40] Failed to load config from \"/Users/gimseoncheol/Desktop/image-voca-app/dataconnect\": could not find dataconnect.yaml in `/Users/gimseoncheol/Desktop/image-voca-app/dataconnect`\n"}}
[debug] [2026-03-09T15:44:52.392Z] E0310 00:44:52.392284    3724 watch.go:40] Failed to load config from "/Users/gimseoncheol/Desktop/image-voca-app/dataconnect": could not find dataconnect.yaml in `/Users/gimseoncheol/Desktop/image-voca-app/dataconnect`
 {"metadata":{"emulator":{"name":"dataconnect"},"message":"E0310 00:44:52.392284    3724 watch.go:40] Failed to load config from \"/Users/gimseoncheol/Desktop/image-voca-app/dataconnect\": could not find dataconnect.yaml in `/Users/gimseoncheol/Desktop/image-voca-app/dataconnect`\n"}}
[debug] [2026-03-09T15:45:02.392Z] E0310 00:45:02.392184    3724 watch.go:40] Failed to load config from "/Users/gimseoncheol/Desktop/image-voca-app/dataconnect": could not find dataconnect.yaml in `/Users/gimseoncheol/Desktop/image-voca-app/dataconnect`
 {"metadata":{"emulator":{"name":"dataconnect"},"message":"E0310 00:45:02.392184    3724 watch.go:40] Failed to load config from \"/Users/gimseoncheol/Desktop/image-voca-app/dataconnect\": could not find dataconnect.yaml in `/Users/gimseoncheol/Desktop/image-voca-app/dataconnect`\n"}}
[debug] [2026-03-09T15:45:12.392Z] E0310 00:45:12.392204    3724 watch.go:40] Failed to load config from "/Users/gimseoncheol/Desktop/image-voca-app/dataconnect": could not find dataconnect.yaml in `/Users/gimseoncheol/Desktop/image-voca-app/dataconnect`
 {"metadata":{"emulator":{"name":"dataconnect"},"message":"E0310 00:45:12.392204    3724 watch.go:40] Failed to load config from \"/Users/gimseoncheol/Desktop/image-voca-app/dataconnect\": could not find dataconnect.yaml in `/Users/gimseoncheol/Desktop/image-voca-app/dataconnect`\n"}}
[debug] [2026-03-09T15:45:22.392Z] E0310 00:45:22.392235    3724 watch.go:40] Failed to load config from "/Users/gimseoncheol/Desktop/image-voca-app/dataconnect": could not find dataconnect.yaml in `/Users/gimseoncheol/Desktop/image-voca-app/dataconnect`
 {"metadata":{"emulator":{"name":"dataconnect"},"message":"E0310 00:45:22.392235    3724 watch.go:40] Failed to load config from \"/Users/gimseoncheol/Desktop/image-voca-app/dataconnect\": could not find dataconnect.yaml in `/Users/gimseoncheol/Desktop/image-voca-app/dataconnect`\n"}}
[debug] [2026-03-09T15:45:32.392Z] E0310 00:45:32.392118    3724 watch.go:116] watchAllDir unable to walk dir `/Users/gimseoncheol/Desktop/image-voca-app/dataconnect`: lstat /Users/gimseoncheol/Desktop/image-voca-app/dataconnect: no such file or directory
E0310 00:45:32.392151    3724 watch.go:40] Failed to load config from "/Users/gimseoncheol/Desktop/image-voca-app/dataconnect": could not find dataconnect.yaml in `/Users/gimseoncheol/Desktop/image-voca-app/dataconnect`
 {"metadata":{"emulator":{"name":"dataconnect"},"message":"E0310 00:45:32.392118    3724 watch.go:116] watchAllDir unable to walk dir `/Users/gimseoncheol/Desktop/image-voca-app/dataconnect`: lstat /Users/gimseoncheol/Desktop/image-voca-app/dataconnect: no such file or directory\nE0310 00:45:32.392151    3724 watch.go:40] Failed to load config from \"/Users/gimseoncheol/Desktop/image-voca-app/dataconnect\": could not find dataconnect.yaml in `/Users/gimseoncheol/Desktop/image-voca-app/dataconnect`\n"}}
[debug] [2026-03-09T15:45:42.392Z] E0310 00:45:42.392451    3724 watch.go:40] Failed to load config from "/Users/gimseoncheol/Desktop/image-voca-app/dataconnect": could not find dataconnect.yaml in `/Users/gimseoncheol/Desktop/image-voca-app/dataconnect`
 {"metadata":{"emulator":{"name":"dataconnect"},"message":"E0310 00:45:42.392451    3724 watch.go:40] Failed to load config from \"/Users/gimseoncheol/Desktop/image-voca-app/dataconnect\": could not find dataconnect.yaml in `/Users/gimseoncheol/Desktop/image-voca-app/dataconnect`\n"}}
[debug] [2026-03-09T15:45:52.392Z] E0310 00:45:52.391969    3724 watch.go:40] Failed to load config from "/Users/gimseoncheol/Desktop/image-voca-app/dataconnect": could not find dataconnect.yaml in `/Users/gimseoncheol/Desktop/image-voca-app/dataconnect`
 {"metadata":{"emulator":{"name":"dataconnect"},"message":"E0310 00:45:52.391969    3724 watch.go:40] Failed to load config from \"/Users/gimseoncheol/Desktop/image-voca-app/dataconnect\": could not find dataconnect.yaml in `/Users/gimseoncheol/Desktop/image-voca-app/dataconnect`\n"}}
[debug] [2026-03-09T15:46:02.392Z] E0310 00:46:02.392123    3724 watch.go:40] Failed to load config from "/Users/gimseoncheol/Desktop/image-voca-app/dataconnect": could not find dataconnect.yaml in `/Users/gimseoncheol/Desktop/image-voca-app/dataconnect`
 {"metadata":{"emulator":{"name":"dataconnect"},"message":"E0310 00:46:02.392123    3724 watch.go:40] Failed to load config from \"/Users/gimseoncheol/Desktop/image-voca-app/dataconnect\": could not find dataconnect.yaml in `/Users/gimseoncheol/Desktop/image-voca-app/dataconnect`\n"}}
[debug] [2026-03-09T15:46:12.392Z] E0310 00:46:12.392092    3724 watch.go:40] Failed to load config from "/Users/gimseoncheol/Desktop/image-voca-app/dataconnect": could not find dataconnect.yaml in `/Users/gimseoncheol/Desktop/image-voca-app/dataconnect`
 {"metadata":{"emulator":{"name":"dataconnect"},"message":"E0310 00:46:12.392092    3724 watch.go:40] Failed to load config from \"/Users/gimseoncheol/Desktop/image-voca-app/dataconnect\": could not find dataconnect.yaml in `/Users/gimseoncheol/Desktop/image-voca-app/dataconnect`\n"}}
[debug] [2026-03-09T15:46:22.392Z] E0310 00:46:22.392157    3724 watch.go:40] Failed to load config from "/Users/gimseoncheol/Desktop/image-voca-app/dataconnect": could not find dataconnect.yaml in `/Users/gimseoncheol/Desktop/image-voca-app/dataconnect`
 {"metadata":{"emulator":{"name":"dataconnect"},"message":"E0310 00:46:22.392157    3724 watch.go:40] Failed to load config from \"/Users/gimseoncheol/Desktop/image-voca-app/dataconnect\": could not find dataconnect.yaml in `/Users/gimseoncheol/Desktop/image-voca-app/dataconnect`\n"}}
[debug] [2026-03-09T15:46:32.392Z] E0310 00:46:32.392061    3724 watch.go:40] Failed to load config from "/Users/gimseoncheol/Desktop/image-voca-app/dataconnect": could not find dataconnect.yaml in `/Users/gimseoncheol/Desktop/image-voca-app/dataconnect`
E0310 00:46:32.392037    3724 watch.go:116] watchAllDir unable to walk dir `/Users/gimseoncheol/Desktop/image-voca-app/dataconnect`: lstat /Users/gimseoncheol/Desktop/image-voca-app/dataconnect: no such file or directory
 {"metadata":{"emulator":{"name":"dataconnect"},"message":"E0310 00:46:32.392061    3724 watch.go:40] Failed to load config from \"/Users/gimseoncheol/Desktop/image-voca-app/dataconnect\": could not find dataconnect.yaml in `/Users/gimseoncheol/Desktop/image-voca-app/dataconnect`\nE0310 00:46:32.392037    3724 watch.go:116] watchAllDir unable to walk dir `/Users/gimseoncheol/Desktop/image-voca-app/dataconnect`: lstat /Users/gimseoncheol/Desktop/image-voca-app/dataconnect: no such file or directory\n"}}
[debug] [2026-03-09T15:46:42.391Z] E0310 00:46:42.391537    3724 watch.go:40] Failed to load config from "/Users/gimseoncheol/Desktop/image-voca-app/dataconnect": could not find dataconnect.yaml in `/Users/gimseoncheol/Desktop/image-voca-app/dataconnect`
 {"metadata":{"emulator":{"name":"dataconnect"},"message":"E0310 00:46:42.391537    3724 watch.go:40] Failed to load config from \"/Users/gimseoncheol/Desktop/image-voca-app/dataconnect\": could not find dataconnect.yaml in `/Users/gimseoncheol/Desktop/image-voca-app/dataconnect`\n"}}
[debug] [2026-03-09T15:46:52.391Z] E0310 00:46:52.391348    3724 watch.go:40] Failed to load config from "/Users/gimseoncheol/Desktop/image-voca-app/dataconnect": could not find dataconnect.yaml in `/Users/gimseoncheol/Desktop/image-voca-app/dataconnect`
 {"metadata":{"emulator":{"name":"dataconnect"},"message":"E0310 00:46:52.391348    3724 watch.go:40] Failed to load config from \"/Users/gimseoncheol/Desktop/image-voca-app/dataconnect\": could not find dataconnect.yaml in `/Users/gimseoncheol/Desktop/image-voca-app/dataconnect`\n"}}
[debug] [2026-03-09T15:47:02.392Z] E0310 00:47:02.392004    3724 watch.go:40] Failed to load config from "/Users/gimseoncheol/Desktop/image-voca-app/dataconnect": could not find dataconnect.yaml in `/Users/gimseoncheol/Desktop/image-voca-app/dataconnect`
 {"metadata":{"emulator":{"name":"dataconnect"},"message":"E0310 00:47:02.392004    3724 watch.go:40] Failed to load config from \"/Users/gimseoncheol/Desktop/image-voca-app/dataconnect\": could not find dataconnect.yaml in `/Users/gimseoncheol/Desktop/image-voca-app/dataconnect`\n"}}
[debug] [2026-03-09T15:47:12.392Z] E0310 00:47:12.391932    3724 watch.go:40] Failed to load config from "/Users/gimseoncheol/Desktop/image-voca-app/dataconnect": could not find dataconnect.yaml in `/Users/gimseoncheol/Desktop/image-voca-app/dataconnect`
 {"metadata":{"emulator":{"name":"dataconnect"},"message":"E0310 00:47:12.391932    3724 watch.go:40] Failed to load config from \"/Users/gimseoncheol/Desktop/image-voca-app/dataconnect\": could not find dataconnect.yaml in `/Users/gimseoncheol/Desktop/image-voca-app/dataconnect`\n"}}
[debug] [2026-03-09T15:47:22.391Z] E0310 00:47:22.391054    3724 watch.go:40] Failed to load config from "/Users/gimseoncheol/Desktop/image-voca-app/dataconnect": could not find dataconnect.yaml in `/Users/gimseoncheol/Desktop/image-voca-app/dataconnect`
 {"metadata":{"emulator":{"name":"dataconnect"},"message":"E0310 00:47:22.391054    3724 watch.go:40] Failed to load config from \"/Users/gimseoncheol/Desktop/image-voca-app/dataconnect\": could not find dataconnect.yaml in `/Users/gimseoncheol/Desktop/image-voca-app/dataconnect`\n"}}
[debug] [2026-03-09T15:47:32.392Z] E0310 00:47:32.391874    3724 watch.go:116] watchAllDir unable to walk dir `/Users/gimseoncheol/Desktop/image-voca-app/dataconnect`: lstat /Users/gimseoncheol/Desktop/image-voca-app/dataconnect: no such file or directory
E0310 00:47:32.391907    3724 watch.go:40] Failed to load config from "/Users/gimseoncheol/Desktop/image-voca-app/dataconnect": could not find dataconnect.yaml in `/Users/gimseoncheol/Desktop/image-voca-app/dataconnect`
 {"metadata":{"emulator":{"name":"dataconnect"},"message":"E0310 00:47:32.391874    3724 watch.go:116] watchAllDir unable to walk dir `/Users/gimseoncheol/Desktop/image-voca-app/dataconnect`: lstat /Users/gimseoncheol/Desktop/image-voca-app/dataconnect: no such file or directory\nE0310 00:47:32.391907    3724 watch.go:40] Failed to load config from \"/Users/gimseoncheol/Desktop/image-voca-app/dataconnect\": could not find dataconnect.yaml in `/Users/gimseoncheol/Desktop/image-voca-app/dataconnect`\n"}}
